<?xml version="1.0" encoding="UTF-8"?>
<!DOCTYPE coverage SYSTEM "http://cobertura.sourceforge.net/xml/coverage-04.dtd">
<coverage line-rate="0" branch-rate="0" lines-covered="0" lines-valid="31" branches-covered="0" branches-valid="0" complexity="6" version="0.4" timestamp="1715720023">
  <sources>
    <source>/Users/johannes/Development/ai/modelflow-ai/packages/tools/src</source>
  </sources>
  <packages>
    <package name="GoogleSearch/GoogleSearchTool.php" line-rate="0" branch-rate="0" complexity="3">
      <classes>
        <class name="ModelflowAi\Tools\GoogleSearch\GoogleSearchTool" filename="GoogleSearch/GoogleSearchTool.php" line-rate="0" branch-rate="0" complexity="3">
          <methods>
            <method name="__construct" signature="Symfony\Contracts\HttpClient\HttpClientInterface $client, string $googleCustomSearchEngineId, string $googleCustomSearchEngineApiKey, string $url" line-rate="0" branch-rate="0" complexity="1">
              <lines>
                <line number="26" hits="0"/>
              </lines>
            </method>
            <method name="search" signature="string $query" line-rate="0" branch-rate="0" complexity="2">
              <lines>
                <line number="42" hits="0"/>
                <line number="43" hits="0"/>
                <line number="44" hits="0"/>
                <line number="45" hits="0"/>
                <line number="46" hits="0"/>
                <line number="47" hits="0"/>
                <line number="48" hits="0"/>
                <line number="51" hits="0"/>
                <line number="53" hits="0"/>
                <line number="55" hits="0"/>
                <line number="56" hits="0"/>
                <line number="57" hits="0"/>
                <line number="58" hits="0"/>
                <line number="59" hits="0"/>
                <line number="60" hits="0"/>
                <line number="63" hits="0"/>
              </lines>
            </method>
          </methods>
          <lines>
            <line number="26" hits="0"/>
            <line number="42" hits="0"/>
            <line number="43" hits="0"/>
            <line number="44" hits="0"/>
            <line number="45" hits="0"/>
            <line number="46" hits="0"/>
            <line number="47" hits="0"/>
            <line number="48" hits="0"/>
            <line number="51" hits="0"/>
            <line number="53" hits="0"/>
            <line number="55" hits="0"/>
            <line number="56" hits="0"/>
            <line number="57" hits="0"/>
            <line number="58" hits="0"/>
            <line number="59" hits="0"/>
            <line number="60" hits="0"/>
            <line number="63" hits="0"/>
          </lines>
        </class>
      </classes>
    </package>
    <package name="WebScrapping/WebScrappingTool.php" line-rate="0" branch-rate="0" complexity="3">
      <classes>
        <class name="ModelflowAi\Tools\WebScrapping\WebScrappingTool" filename="WebScrapping/WebScrappingTool.php" line-rate="0" branch-rate="0" complexity="3">
          <methods>
            <method name="__construct" signature="Symfony\Contracts\HttpClient\HttpClientInterface $client" line-rate="0" branch-rate="0" complexity="1">
              <lines>
                <line number="26" hits="0"/>
              </lines>
            </method>
            <method name="getWebPageText" signature="string $url" line-rate="0" branch-rate="0" complexity="2">
              <lines>
                <line number="34" hits="0"/>
                <line number="35" hits="0"/>
                <line number="36" hits="0"/>
                <line number="39" hits="0"/>
                <line number="41" hits="0"/>
                <line number="42" hits="0"/>
                <line number="43" hits="0"/>
                <line number="44" hits="0"/>
                <line number="45" hits="0"/>
                <line number="46" hits="0"/>
                <line number="47" hits="0"/>
                <line number="48" hits="0"/>
                <line number="50" hits="0"/>
              </lines>
            </method>
          </methods>
          <lines>
            <line number="26" hits="0"/>
            <line number="34" hits="0"/>
            <line number="35" hits="0"/>
            <line number="36" hits="0"/>
            <line number="39" hits="0"/>
            <line number="41" hits="0"/>
            <line number="42" hits="0"/>
            <line number="43" hits="0"/>
            <line number="44" hits="0"/>
            <line number="45" hits="0"/>
            <line number="46" hits="0"/>
            <line number="47" hits="0"/>
            <line number="48" hits="0"/>
            <line number="50" hits="0"/>
          </lines>
        </class>
      </classes>
    </package>
  </packages>
</coverage>
