<?xml version="1.0" encoding="UTF-8"?>
<!DOCTYPE coverage SYSTEM "http://cobertura.sourceforge.net/xml/coverage-04.dtd">
<coverage line-rate="0.6743119266055" branch-rate="0" lines-covered="147" lines-valid="218" branches-covered="0" branches-valid="0" complexity="49" version="0.4" timestamp="1715720038">
  <sources>
    <source>/Users/johannes/Development/ai/modelflow-ai/packages/openai-adapter/src</source>
  </sources>
  <packages>
    <package name="Embeddings/OpenaiEmbeddingAdapter.php" line-rate="0.88888888888889" branch-rate="0" complexity="3">
      <classes>
        <class name="ModelflowAi\OpenaiAdapter\Embeddings\OpenaiEmbeddingAdapter" filename="Embeddings/OpenaiEmbeddingAdapter.php" line-rate="0.88888888888889" branch-rate="0" complexity="3">
          <methods>
            <method name="__construct" signature="OpenAI\Contracts\ClientContract $client, string $model" line-rate="1" branch-rate="0" complexity="1">
              <lines>
                <line number="25" hits="2"/>
              </lines>
            </method>
            <method name="embedText" signature="string $text" line-rate="0.875" branch-rate="0" complexity="2">
              <lines>
                <line number="29" hits="1"/>
                <line number="30" hits="1"/>
                <line number="31" hits="1"/>
                <line number="32" hits="1"/>
                <line number="33" hits="1"/>
                <line number="35" hits="1"/>
                <line number="36" hits="0"/>
                <line number="39" hits="1"/>
              </lines>
            </method>
          </methods>
          <lines>
            <line number="25" hits="2"/>
            <line number="29" hits="1"/>
            <line number="30" hits="1"/>
            <line number="31" hits="1"/>
            <line number="32" hits="1"/>
            <line number="33" hits="1"/>
            <line number="35" hits="1"/>
            <line number="36" hits="0"/>
            <line number="39" hits="1"/>
          </lines>
        </class>
      </classes>
    </package>
    <package name="Image/OpenAIImageGenerationAdapter.php" line-rate="0" branch-rate="0" complexity="6">
      <classes>
        <class name="ModelflowAi\OpenaiAdapter\Image\OpenAIImageGenerationAdapter" filename="Image/OpenAIImageGenerationAdapter.php" line-rate="0" branch-rate="0" complexity="6">
          <methods>
            <method name="__construct" signature="Symfony\Contracts\HttpClient\HttpClientInterface $httpClient, OpenAI\Contracts\ClientContract $client, string $model" line-rate="0" branch-rate="0" complexity="1">
              <lines>
                <line number="23" hits="0"/>
              </lines>
            </method>
            <method name="handleRequest" signature="ModelflowAi\Image\Request\AIImageRequest $request" line-rate="0" branch-rate="0" complexity="3">
              <lines>
                <line number="28" hits="0"/>
                <line number="30" hits="0"/>
                <line number="31" hits="0"/>
                <line number="32" hits="0"/>
                <line number="33" hits="0"/>
                <line number="34" hits="0"/>
                <line number="35" hits="0"/>
                <line number="36" hits="0"/>
                <line number="39" hits="0"/>
                <line number="41" hits="0"/>
                <line number="42" hits="0"/>
                <line number="46" hits="0"/>
                <line number="48" hits="0"/>
              </lines>
            </method>
            <method name="supports" signature="object $request" line-rate="0" branch-rate="0" complexity="2">
              <lines>
                <line number="53" hits="0"/>
                <line number="54" hits="0"/>
                <line number="57" hits="0"/>
              </lines>
            </method>
          </methods>
          <lines>
            <line number="23" hits="0"/>
            <line number="28" hits="0"/>
            <line number="30" hits="0"/>
            <line number="31" hits="0"/>
            <line number="32" hits="0"/>
            <line number="33" hits="0"/>
            <line number="34" hits="0"/>
            <line number="35" hits="0"/>
            <line number="36" hits="0"/>
            <line number="39" hits="0"/>
            <line number="41" hits="0"/>
            <line number="42" hits="0"/>
            <line number="46" hits="0"/>
            <line number="48" hits="0"/>
            <line number="53" hits="0"/>
            <line number="54" hits="0"/>
            <line number="57" hits="0"/>
          </lines>
        </class>
      </classes>
    </package>
    <package name="Model/OpenaiChatModelAdapter.php" line-rate="0.82758620689655" branch-rate="0" complexity="21">
      <classes>
        <class name="ModelflowAi\OpenaiAdapter\Model\OpenaiChatModelAdapter" filename="Model/OpenaiChatModelAdapter.php" line-rate="0.82758620689655" branch-rate="0" complexity="21">
          <methods>
            <method name="__construct" signature="OpenAI\Contracts\ClientContract $client, string $model" line-rate="1" branch-rate="0" complexity="1">
              <lines>
                <line number="40" hits="6"/>
              </lines>
            </method>
            <method name="handleRequest" signature="ModelflowAi\Core\Request\AIRequestInterface $request" line-rate="1" branch-rate="0" complexity="5">
              <lines>
                <line number="44" hits="5"/>
                <line number="47" hits="5"/>
                <line number="48" hits="5"/>
                <line number="50" hits="5"/>
                <line number="51" hits="5"/>
                <line number="52" hits="5"/>
                <line number="53" hits="5"/>
                <line number="55" hits="5"/>
                <line number="56" hits="1"/>
                <line number="59" hits="5"/>
                <line number="60" hits="2"/>
                <line number="61" hits="2"/>
                <line number="62" hits="2"/>
                <line number="63" hits="1"/>
                <line number="64" hits="1"/>
                <line number="68" hits="5"/>
                <line number="69" hits="2"/>
                <line number="72" hits="3"/>
              </lines>
            </method>
            <method name="create" signature="ModelflowAi\Core\Request\AIChatRequest $request, array $parameters" line-rate="1" branch-rate="0" complexity="2">
              <lines>
                <line number="102" hits="3"/>
                <line number="104" hits="3"/>
                <line number="105" hits="3"/>
                <line number="106" hits="1"/>
                <line number="107" hits="1"/>
                <line number="108" hits="1"/>
                <line number="109" hits="1"/>
                <line number="110" hits="1"/>
                <line number="111" hits="1"/>
                <line number="112" hits="1"/>
                <line number="113" hits="1"/>
                <line number="114" hits="1"/>
                <line number="115" hits="1"/>
                <line number="116" hits="1"/>
                <line number="117" hits="1"/>
                <line number="118" hits="1"/>
                <line number="119" hits="1"/>
                <line number="120" hits="1"/>
                <line number="121" hits="1"/>
                <line number="124" hits="2"/>
                <line number="125" hits="2"/>
                <line number="126" hits="2"/>
                <line number="127" hits="2"/>
                <line number="128" hits="2"/>
                <line number="129" hits="2"/>
                <line number="130" hits="2"/>
              </lines>
            </method>
            <method name="createStreamed" signature="ModelflowAi\Core\Request\AIChatRequest $request, array $parameters" line-rate="1" branch-rate="0" complexity="1">
              <lines>
                <line number="160" hits="2"/>
                <line number="162" hits="2"/>
                <line number="163" hits="2"/>
                <line number="164" hits="2"/>
                <line number="165" hits="2"/>
              </lines>
            </method>
            <method name="createStreamedMessages" signature="OpenAI\Responses\StreamResponse $responses" line-rate="1" branch-rate="0" complexity="6">
              <lines>
                <line number="175" hits="2"/>
                <line number="178" hits="2"/>
                <line number="179" hits="2"/>
                <line number="181" hits="2"/>
                <line number="182" hits="2"/>
                <line number="185" hits="2"/>
                <line number="186" hits="1"/>
                <line number="187" hits="1"/>
                <line number="188" hits="1"/>
                <line number="189" hits="1"/>
                <line number="190" hits="1"/>
                <line number="191" hits="1"/>
                <line number="194" hits="1"/>
                <line number="197" hits="1"/>
                <line number="198" hits="1"/>
                <line number="199" hits="1"/>
                <line number="200" hits="1"/>
                <line number="201" hits="1"/>
              </lines>
            </method>
            <method name="determineToolCall" signature="OpenAI\Responses\StreamResponse $responses, OpenAI\Responses\Chat\CreateStreamedResponse $firstResponse" line-rate="0.57777777777778" branch-rate="0" complexity="4">
              <lines>
                <line number="213" hits="1"/>
                <line number="214" hits="1"/>
                <line number="215" hits="1"/>
                <line number="216" hits="1"/>
                <line number="217" hits="1"/>
                <line number="218" hits="1"/>
                <line number="219" hits="1"/>
                <line number="220" hits="1"/>
                <line number="221" hits="1"/>
                <line number="222" hits="1"/>
                <line number="225" hits="1"/>
                <line number="226" hits="1"/>
                <line number="228" hits="1"/>
                <line number="229" hits="1"/>
                <line number="230" hits="0"/>
                <line number="231" hits="0"/>
                <line number="232" hits="0"/>
                <line number="233" hits="0"/>
                <line number="234" hits="0"/>
                <line number="236" hits="0"/>
                <line number="237" hits="0"/>
                <line number="238" hits="0"/>
                <line number="239" hits="0"/>
                <line number="240" hits="0"/>
                <line number="241" hits="0"/>
                <line number="243" hits="0"/>
                <line number="244" hits="0"/>
                <line number="245" hits="0"/>
                <line number="246" hits="0"/>
                <line number="247" hits="0"/>
                <line number="248" hits="0"/>
                <line number="249" hits="0"/>
                <line number="250" hits="0"/>
                <line number="253" hits="1"/>
                <line number="257" hits="1"/>
                <line number="258" hits="1"/>
                <line number="259" hits="1"/>
                <line number="260" hits="1"/>
                <line number="261" hits="1"/>
                <line number="263" hits="1"/>
                <line number="264" hits="1"/>
                <line number="265" hits="1"/>
                <line number="266" hits="1"/>
                <line number="267" hits="1"/>
                <line number="268" hits="1"/>
              </lines>
            </method>
            <method name="decodeArguments" signature="string $arguments" line-rate="1" branch-rate="0" complexity="1">
              <lines>
                <line number="277" hits="2"/>
                <line number="279" hits="2"/>
              </lines>
            </method>
            <method name="supports" signature="object $request" line-rate="0" branch-rate="0" complexity="1">
              <lines>
                <line number="284" hits="0"/>
              </lines>
            </method>
          </methods>
          <lines>
            <line number="40" hits="6"/>
            <line number="44" hits="5"/>
            <line number="47" hits="5"/>
            <line number="48" hits="5"/>
            <line number="50" hits="5"/>
            <line number="51" hits="5"/>
            <line number="52" hits="5"/>
            <line number="53" hits="5"/>
            <line number="55" hits="5"/>
            <line number="56" hits="1"/>
            <line number="59" hits="5"/>
            <line number="60" hits="2"/>
            <line number="61" hits="2"/>
            <line number="62" hits="2"/>
            <line number="63" hits="1"/>
            <line number="64" hits="1"/>
            <line number="68" hits="5"/>
            <line number="69" hits="2"/>
            <line number="72" hits="3"/>
            <line number="102" hits="3"/>
            <line number="104" hits="3"/>
            <line number="105" hits="3"/>
            <line number="106" hits="1"/>
            <line number="107" hits="1"/>
            <line number="108" hits="1"/>
            <line number="109" hits="1"/>
            <line number="110" hits="1"/>
            <line number="111" hits="1"/>
            <line number="112" hits="1"/>
            <line number="113" hits="1"/>
            <line number="114" hits="1"/>
            <line number="115" hits="1"/>
            <line number="116" hits="1"/>
            <line number="117" hits="1"/>
            <line number="118" hits="1"/>
            <line number="119" hits="1"/>
            <line number="120" hits="1"/>
            <line number="121" hits="1"/>
            <line number="124" hits="2"/>
            <line number="125" hits="2"/>
            <line number="126" hits="2"/>
            <line number="127" hits="2"/>
            <line number="128" hits="2"/>
            <line number="129" hits="2"/>
            <line number="130" hits="2"/>
            <line number="160" hits="2"/>
            <line number="162" hits="2"/>
            <line number="163" hits="2"/>
            <line number="164" hits="2"/>
            <line number="165" hits="2"/>
            <line number="175" hits="2"/>
            <line number="178" hits="2"/>
            <line number="179" hits="2"/>
            <line number="181" hits="2"/>
            <line number="182" hits="2"/>
            <line number="185" hits="2"/>
            <line number="186" hits="1"/>
            <line number="187" hits="1"/>
            <line number="188" hits="1"/>
            <line number="189" hits="1"/>
            <line number="190" hits="1"/>
            <line number="191" hits="1"/>
            <line number="194" hits="1"/>
            <line number="197" hits="1"/>
            <line number="198" hits="1"/>
            <line number="199" hits="1"/>
            <line number="200" hits="1"/>
            <line number="201" hits="1"/>
            <line number="213" hits="1"/>
            <line number="214" hits="1"/>
            <line number="215" hits="1"/>
            <line number="216" hits="1"/>
            <line number="217" hits="1"/>
            <line number="218" hits="1"/>
            <line number="219" hits="1"/>
            <line number="220" hits="1"/>
            <line number="221" hits="1"/>
            <line number="222" hits="1"/>
            <line number="225" hits="1"/>
            <line number="226" hits="1"/>
            <line number="228" hits="1"/>
            <line number="229" hits="1"/>
            <line number="230" hits="0"/>
            <line number="231" hits="0"/>
            <line number="232" hits="0"/>
            <line number="233" hits="0"/>
            <line number="234" hits="0"/>
            <line number="236" hits="0"/>
            <line number="237" hits="0"/>
            <line number="238" hits="0"/>
            <line number="239" hits="0"/>
            <line number="240" hits="0"/>
            <line number="241" hits="0"/>
            <line number="243" hits="0"/>
            <line number="244" hits="0"/>
            <line number="245" hits="0"/>
            <line number="246" hits="0"/>
            <line number="247" hits="0"/>
            <line number="248" hits="0"/>
            <line number="249" hits="0"/>
            <line number="250" hits="0"/>
            <line number="253" hits="1"/>
            <line number="257" hits="1"/>
            <line number="258" hits="1"/>
            <line number="259" hits="1"/>
            <line number="260" hits="1"/>
            <line number="261" hits="1"/>
            <line number="263" hits="1"/>
            <line number="264" hits="1"/>
            <line number="265" hits="1"/>
            <line number="266" hits="1"/>
            <line number="267" hits="1"/>
            <line number="268" hits="1"/>
            <line number="277" hits="2"/>
            <line number="279" hits="2"/>
            <line number="284" hits="0"/>
          </lines>
        </class>
      </classes>
    </package>
    <package name="OpenaiAdapterFactory.php" line-rate="1" branch-rate="0" complexity="3">
      <classes>
        <class name="ModelflowAi\OpenaiAdapter\OpenaiAdapterFactory" filename="OpenaiAdapterFactory.php" line-rate="1" branch-rate="0" complexity="3">
          <methods>
            <method name="__construct" signature="OpenAI\Contracts\ClientContract $client" line-rate="1" branch-rate="0" complexity="1">
              <lines>
                <line number="29" hits="2"/>
              </lines>
            </method>
            <method name="createChatAdapter" signature="array $options" line-rate="1" branch-rate="0" complexity="1">
              <lines>
                <line number="33" hits="1"/>
                <line number="35" hits="1"/>
                <line number="36" hits="1"/>
                <line number="37" hits="1"/>
                <line number="38" hits="1"/>
              </lines>
            </method>
            <method name="createEmbeddingAdapter" signature="array $options" line-rate="1" branch-rate="0" complexity="1">
              <lines>
                <line number="43" hits="1"/>
                <line number="45" hits="1"/>
                <line number="46" hits="1"/>
                <line number="47" hits="1"/>
                <line number="48" hits="1"/>
              </lines>
            </method>
          </methods>
          <lines>
            <line number="29" hits="2"/>
            <line number="33" hits="1"/>
            <line number="35" hits="1"/>
            <line number="36" hits="1"/>
            <line number="37" hits="1"/>
            <line number="38" hits="1"/>
            <line number="43" hits="1"/>
            <line number="45" hits="1"/>
            <line number="46" hits="1"/>
            <line number="47" hits="1"/>
            <line number="48" hits="1"/>
          </lines>
        </class>
      </classes>
    </package>
    <package name="OpenaiImageAdapterFactory.php" line-rate="0" branch-rate="0" complexity="2">
      <classes>
        <class name="ModelflowAi\OpenaiAdapter\OpenaiImageAdapterFactory" filename="OpenaiImageAdapterFactory.php" line-rate="0" branch-rate="0" complexity="2">
          <methods>
            <method name="__construct" signature="Symfony\Contracts\HttpClient\HttpClientInterface $httpClient, OpenAI\Contracts\ClientContract $client" line-rate="0" branch-rate="0" complexity="1">
              <lines>
                <line number="28" hits="0"/>
              </lines>
            </method>
            <method name="createImageAdapter" signature="array $options" line-rate="0" branch-rate="0" complexity="1">
              <lines>
                <line number="32" hits="0"/>
                <line number="33" hits="0"/>
                <line number="34" hits="0"/>
                <line number="35" hits="0"/>
                <line number="36" hits="0"/>
              </lines>
            </method>
          </methods>
          <lines>
            <line number="28" hits="0"/>
            <line number="32" hits="0"/>
            <line number="33" hits="0"/>
            <line number="34" hits="0"/>
            <line number="35" hits="0"/>
            <line number="36" hits="0"/>
          </lines>
        </class>
      </classes>
    </package>
    <package name="Tool/ToolFormatter.php" line-rate="0.54237288135593" branch-rate="0" complexity="14">
      <classes>
        <class name="ModelflowAi\OpenaiAdapter\Tool\ToolFormatter" filename="Tool/ToolFormatter.php" line-rate="0.54237288135593" branch-rate="0" complexity="14">
          <methods>
            <method name="formatTool" signature="ModelflowAi\Core\ToolInfo\ToolInfo $tool" line-rate="1" branch-rate="0" complexity="3">
              <lines>
                <line number="34" hits="4"/>
                <line number="35" hits="4"/>
                <line number="36" hits="4"/>
                <line number="37" hits="4"/>
                <line number="40" hits="4"/>
                <line number="41" hits="4"/>
                <line number="42" hits="4"/>
                <line number="45" hits="4"/>
                <line number="46" hits="4"/>
                <line number="47" hits="4"/>
                <line number="48" hits="4"/>
                <line number="49" hits="4"/>
                <line number="50" hits="4"/>
                <line number="51" hits="4"/>
                <line number="52" hits="4"/>
                <line number="53" hits="4"/>
              </lines>
            </method>
            <method name="formatTools" signature="array $tools" line-rate="1" branch-rate="0" complexity="1">
              <lines>
                <line number="74" hits="3"/>
                <line number="75" hits="3"/>
                <line number="76" hits="3"/>
                <line number="77" hits="3"/>
                <line number="78" hits="3"/>
                <line number="79" hits="3"/>
                <line number="80" hits="3"/>
              </lines>
            </method>
            <method name="formatParameter" signature="ModelflowAi\Core\ToolInfo\Parameter $parameter" line-rate="0.25" branch-rate="0" complexity="10">
              <lines>
                <line number="105" hits="4"/>
                <line number="106" hits="4"/>
                <line number="107" hits="4"/>
                <line number="108" hits="4"/>
                <line number="110" hits="4"/>
                <line number="111" hits="0"/>
                <line number="112" hits="0"/>
                <line number="115" hits="0"/>
                <line number="116" hits="0"/>
                <line number="117" hits="0"/>
                <line number="118" hits="0"/>
                <line number="120" hits="0"/>
                <line number="122" hits="0"/>
                <line number="123" hits="0"/>
                <line number="124" hits="0"/>
                <line number="125" hits="0"/>
                <line number="126" hits="0"/>
                <line number="129" hits="0"/>
                <line number="130" hits="0"/>
                <line number="131" hits="0"/>
                <line number="132" hits="0"/>
                <line number="136" hits="4"/>
                <line number="137" hits="0"/>
                <line number="138" hits="0"/>
                <line number="141" hits="0"/>
                <line number="143" hits="0"/>
                <line number="144" hits="0"/>
                <line number="145" hits="0"/>
                <line number="146" hits="0"/>
                <line number="147" hits="0"/>
                <line number="150" hits="0"/>
                <line number="153" hits="4"/>
                <line number="154" hits="0"/>
                <line number="157" hits="4"/>
                <line number="158" hits="0"/>
                <line number="161" hits="4"/>
              </lines>
            </method>
          </methods>
          <lines>
            <line number="34" hits="4"/>
            <line number="35" hits="4"/>
            <line number="36" hits="4"/>
            <line number="37" hits="4"/>
            <line number="40" hits="4"/>
            <line number="41" hits="4"/>
            <line number="42" hits="4"/>
            <line number="45" hits="4"/>
            <line number="46" hits="4"/>
            <line number="47" hits="4"/>
            <line number="48" hits="4"/>
            <line number="49" hits="4"/>
            <line number="50" hits="4"/>
            <line number="51" hits="4"/>
            <line number="52" hits="4"/>
            <line number="53" hits="4"/>
            <line number="74" hits="3"/>
            <line number="75" hits="3"/>
            <line number="76" hits="3"/>
            <line number="77" hits="3"/>
            <line number="78" hits="3"/>
            <line number="79" hits="3"/>
            <line number="80" hits="3"/>
            <line number="105" hits="4"/>
            <line number="106" hits="4"/>
            <line number="107" hits="4"/>
            <line number="108" hits="4"/>
            <line number="110" hits="4"/>
            <line number="111" hits="0"/>
            <line number="112" hits="0"/>
            <line number="115" hits="0"/>
            <line number="116" hits="0"/>
            <line number="117" hits="0"/>
            <line number="118" hits="0"/>
            <line number="120" hits="0"/>
            <line number="122" hits="0"/>
            <line number="123" hits="0"/>
            <line number="124" hits="0"/>
            <line number="125" hits="0"/>
            <line number="126" hits="0"/>
            <line number="129" hits="0"/>
            <line number="130" hits="0"/>
            <line number="131" hits="0"/>
            <line number="132" hits="0"/>
            <line number="136" hits="4"/>
            <line number="137" hits="0"/>
            <line number="138" hits="0"/>
            <line number="141" hits="0"/>
            <line number="143" hits="0"/>
            <line number="144" hits="0"/>
            <line number="145" hits="0"/>
            <line number="146" hits="0"/>
            <line number="147" hits="0"/>
            <line number="150" hits="0"/>
            <line number="153" hits="4"/>
            <line number="154" hits="0"/>
            <line number="157" hits="4"/>
            <line number="158" hits="0"/>
            <line number="161" hits="4"/>
          </lines>
        </class>
      </classes>
    </package>
  </packages>
</coverage>
