<?xml version="1.0" encoding="UTF-8"?>
<!DOCTYPE coverage SYSTEM "http://cobertura.sourceforge.net/xml/coverage-04.dtd">
<coverage line-rate="0.88990825688073" branch-rate="0" lines-covered="97" lines-valid="109" branches-covered="0" branches-valid="0" complexity="16" version="0.4" timestamp="1715720031">
  <sources>
    <source>/Users/johannes/Development/ai/modelflow-ai/packages/elasticsearch-embeddings-store/src</source>
  </sources>
  <packages>
    <package name="ElasticsearchEmbeddingsStore.php" line-rate="0.88990825688073" branch-rate="0" complexity="16">
      <classes>
        <class name="ModelflowAi\Embeddings\Store\Elasticsearch\ElasticsearchEmbeddingsStore" filename="ElasticsearchEmbeddingsStore.php" line-rate="0.88990825688073" branch-rate="0" complexity="16">
          <methods>
            <method name="__construct" signature="Elastic\Elasticsearch\Client $client, string $indexName, array $metadata" line-rate="0.96428571428571" branch-rate="0" complexity="2">
              <lines>
                <line number="39" hits="3"/>
                <line number="40" hits="3"/>
                <line number="41" hits="0"/>
                <line number="44" hits="3"/>
                <line number="45" hits="3"/>
                <line number="46" hits="3"/>
                <line number="47" hits="3"/>
                <line number="48" hits="3"/>
                <line number="49" hits="3"/>
                <line number="50" hits="3"/>
                <line number="51" hits="3"/>
                <line number="52" hits="3"/>
                <line number="53" hits="3"/>
                <line number="54" hits="3"/>
                <line number="55" hits="3"/>
                <line number="56" hits="3"/>
                <line number="57" hits="3"/>
                <line number="58" hits="3"/>
                <line number="59" hits="3"/>
                <line number="60" hits="3"/>
                <line number="61" hits="3"/>
                <line number="62" hits="3"/>
                <line number="63" hits="3"/>
                <line number="64" hits="3"/>
                <line number="65" hits="3"/>
                <line number="66" hits="3"/>
                <line number="67" hits="3"/>
                <line number="68" hits="3"/>
              </lines>
            </method>
            <method name="addDocument" signature="ModelflowAi\Embeddings\Model\EmbeddingInterface $embedding" line-rate="0.83333333333333" branch-rate="0" complexity="2">
              <lines>
                <line number="73" hits="1"/>
                <line number="74" hits="1"/>
                <line number="75" hits="0"/>
                <line number="78" hits="1"/>
                <line number="79" hits="1"/>
                <line number="80" hits="1"/>
              </lines>
            </method>
            <method name="addDocuments" signature="array $embeddings" line-rate="0.77777777777778" branch-rate="0" complexity="4">
              <lines>
                <line number="85" hits="2"/>
                <line number="86" hits="0"/>
                <line number="89" hits="2"/>
                <line number="90" hits="2"/>
                <line number="91" hits="0"/>
                <line number="94" hits="2"/>
                <line number="95" hits="2"/>
                <line number="96" hits="2"/>
                <line number="98" hits="2"/>
              </lines>
            </method>
            <method name="similaritySearch" signature="array $vector, int $k, array $additionalArguments" line-rate="0.83333333333333" branch-rate="0" complexity="3">
              <lines>
                <line number="103" hits="1"/>
                <line number="104" hits="1"/>
                <line number="105" hits="1"/>
                <line number="106" hits="1"/>
                <line number="107" hits="1"/>
                <line number="108" hits="1"/>
                <line number="109" hits="1"/>
                <line number="110" hits="1"/>
                <line number="111" hits="1"/>
                <line number="112" hits="1"/>
                <line number="113" hits="1"/>
                <line number="114" hits="1"/>
                <line number="115" hits="1"/>
                <line number="116" hits="1"/>
                <line number="117" hits="1"/>
                <line number="118" hits="1"/>
                <line number="119" hits="1"/>
                <line number="121" hits="1"/>
                <line number="122" hits="1"/>
                <line number="123" hits="0"/>
                <line number="124" hits="0"/>
                <line number="125" hits="0"/>
                <line number="126" hits="0"/>
                <line number="127" hits="0"/>
                <line number="131" hits="1"/>
                <line number="132" hits="1"/>
                <line number="134" hits="1"/>
                <line number="135" hits="1"/>
                <line number="136" hits="1"/>
                <line number="139" hits="1"/>
              </lines>
            </method>
            <method name="store" signature="ModelflowAi\Embeddings\Model\EmbeddingInterface $embedding" line-rate="0.9" branch-rate="0" complexity="2">
              <lines>
                <line number="144" hits="3"/>
                <line number="145" hits="0"/>
                <line number="148" hits="3"/>
                <line number="149" hits="3"/>
                <line number="151" hits="3"/>
                <line number="152" hits="3"/>
                <line number="153" hits="3"/>
                <line number="154" hits="3"/>
                <line number="155" hits="3"/>
                <line number="157" hits="3"/>
              </lines>
            </method>
            <method name="setVectorDimIfNotSet" signature="int $vectorDim" line-rate="0.92307692307692" branch-rate="0" complexity="3">
              <lines>
                <line number="162" hits="3"/>
                <line number="163" hits="1"/>
                <line number="166" hits="3"/>
                <line number="167" hits="3"/>
                <line number="168" hits="3"/>
                <line number="169" hits="3"/>
                <line number="176" hits="3"/>
                <line number="178" hits="3"/>
                <line number="179" hits="3"/>
                <line number="180" hits="0"/>
                <line number="182" hits="0"/>
                <line number="185" hits="3"/>
                <line number="186" hits="3"/>
                <line number="187" hits="3"/>
                <line number="188" hits="3"/>
                <line number="189" hits="3"/>
                <line number="190" hits="3"/>
                <line number="191" hits="3"/>
                <line number="192" hits="3"/>
                <line number="193" hits="3"/>
                <line number="194" hits="3"/>
                <line number="195" hits="3"/>
                <line number="196" hits="3"/>
                <line number="197" hits="3"/>
                <line number="198" hits="3"/>
                <line number="199" hits="3"/>
              </lines>
            </method>
          </methods>
          <lines>
            <line number="39" hits="3"/>
            <line number="40" hits="3"/>
            <line number="41" hits="0"/>
            <line number="44" hits="3"/>
            <line number="45" hits="3"/>
            <line number="46" hits="3"/>
            <line number="47" hits="3"/>
            <line number="48" hits="3"/>
            <line number="49" hits="3"/>
            <line number="50" hits="3"/>
            <line number="51" hits="3"/>
            <line number="52" hits="3"/>
            <line number="53" hits="3"/>
            <line number="54" hits="3"/>
            <line number="55" hits="3"/>
            <line number="56" hits="3"/>
            <line number="57" hits="3"/>
            <line number="58" hits="3"/>
            <line number="59" hits="3"/>
            <line number="60" hits="3"/>
            <line number="61" hits="3"/>
            <line number="62" hits="3"/>
            <line number="63" hits="3"/>
            <line number="64" hits="3"/>
            <line number="65" hits="3"/>
            <line number="66" hits="3"/>
            <line number="67" hits="3"/>
            <line number="68" hits="3"/>
            <line number="73" hits="1"/>
            <line number="74" hits="1"/>
            <line number="75" hits="0"/>
            <line number="78" hits="1"/>
            <line number="79" hits="1"/>
            <line number="80" hits="1"/>
            <line number="85" hits="2"/>
            <line number="86" hits="0"/>
            <line number="89" hits="2"/>
            <line number="90" hits="2"/>
            <line number="91" hits="0"/>
            <line number="94" hits="2"/>
            <line number="95" hits="2"/>
            <line number="96" hits="2"/>
            <line number="98" hits="2"/>
            <line number="103" hits="1"/>
            <line number="104" hits="1"/>
            <line number="105" hits="1"/>
            <line number="106" hits="1"/>
            <line number="107" hits="1"/>
            <line number="108" hits="1"/>
            <line number="109" hits="1"/>
            <line number="110" hits="1"/>
            <line number="111" hits="1"/>
            <line number="112" hits="1"/>
            <line number="113" hits="1"/>
            <line number="114" hits="1"/>
            <line number="115" hits="1"/>
            <line number="116" hits="1"/>
            <line number="117" hits="1"/>
            <line number="118" hits="1"/>
            <line number="119" hits="1"/>
            <line number="121" hits="1"/>
            <line number="122" hits="1"/>
            <line number="123" hits="0"/>
            <line number="124" hits="0"/>
            <line number="125" hits="0"/>
            <line number="126" hits="0"/>
            <line number="127" hits="0"/>
            <line number="131" hits="1"/>
            <line number="132" hits="1"/>
            <line number="134" hits="1"/>
            <line number="135" hits="1"/>
            <line number="136" hits="1"/>
            <line number="139" hits="1"/>
            <line number="144" hits="3"/>
            <line number="145" hits="0"/>
            <line number="148" hits="3"/>
            <line number="149" hits="3"/>
            <line number="151" hits="3"/>
            <line number="152" hits="3"/>
            <line number="153" hits="3"/>
            <line number="154" hits="3"/>
            <line number="155" hits="3"/>
            <line number="157" hits="3"/>
            <line number="162" hits="3"/>
            <line number="163" hits="1"/>
            <line number="166" hits="3"/>
            <line number="167" hits="3"/>
            <line number="168" hits="3"/>
            <line number="169" hits="3"/>
            <line number="176" hits="3"/>
            <line number="178" hits="3"/>
            <line number="179" hits="3"/>
            <line number="180" hits="0"/>
            <line number="182" hits="0"/>
            <line number="185" hits="3"/>
            <line number="186" hits="3"/>
            <line number="187" hits="3"/>
            <line number="188" hits="3"/>
            <line number="189" hits="3"/>
            <line number="190" hits="3"/>
            <line number="191" hits="3"/>
            <line number="192" hits="3"/>
            <line number="193" hits="3"/>
            <line number="194" hits="3"/>
            <line number="195" hits="3"/>
            <line number="196" hits="3"/>
            <line number="197" hits="3"/>
            <line number="198" hits="3"/>
            <line number="199" hits="3"/>
          </lines>
        </class>
      </classes>
    </package>
  </packages>
</coverage>
