<?xml version="1.0" encoding="UTF-8"?>
<!DOCTYPE coverage SYSTEM "http://cobertura.sourceforge.net/xml/coverage-04.dtd">
<coverage line-rate="0.92276422764228" branch-rate="0" lines-covered="227" lines-valid="246" branches-covered="0" branches-valid="0" complexity="124" version="0.4" timestamp="1715720025">
  <sources>
    <source>/Users/johannes/Development/ai/modelflow-ai/packages/core/src</source>
  </sources>
  <packages>
    <package name="AIRequestHandler.php" line-rate="1" branch-rate="0" complexity="4">
      <classes>
        <class name="ModelflowAi\Core\AIRequestHandler" filename="AIRequestHandler.php" line-rate="1" branch-rate="0" complexity="4">
          <methods>
            <method name="__construct" signature="ModelflowAi\Core\DecisionTree\AIModelDecisionTreeInterface $decisionTree" line-rate="1" branch-rate="0" complexity="1">
              <lines>
                <line number="37" hits="4"/>
              </lines>
            </method>
            <method name="handle" signature="ModelflowAi\Core\Request\AIRequestInterface $request" line-rate="1" branch-rate="0" complexity="1">
              <lines>
                <line number="41" hits="2"/>
                <line number="43" hits="2"/>
              </lines>
            </method>
            <method name="createCompletionRequest" signature="?string $prompt" line-rate="1" branch-rate="0" complexity="1">
              <lines>
                <line number="48" hits="2"/>
                <line number="49" hits="1"/>
                <line number="50" hits="1"/>
                <line number="52" hits="1"/>
                <line number="53" hits="2"/>
              </lines>
            </method>
            <method name="createChatRequest" signature="ModelflowAi\Core\Request\Message\AIChatMessage $messages" line-rate="1" branch-rate="0" complexity="1">
              <lines>
                <line number="58" hits="2"/>
                <line number="59" hits="1"/>
                <line number="60" hits="1"/>
                <line number="62" hits="1"/>
                <line number="63" hits="2"/>
              </lines>
            </method>
          </methods>
          <lines>
            <line number="37" hits="4"/>
            <line number="41" hits="2"/>
            <line number="43" hits="2"/>
            <line number="48" hits="2"/>
            <line number="49" hits="1"/>
            <line number="50" hits="1"/>
            <line number="52" hits="1"/>
            <line number="53" hits="2"/>
            <line number="58" hits="2"/>
            <line number="59" hits="1"/>
            <line number="60" hits="1"/>
            <line number="62" hits="1"/>
            <line number="63" hits="2"/>
          </lines>
        </class>
      </classes>
    </package>
    <package name="AIRequestHandlerInterface.php" line-rate="0" branch-rate="0" complexity="0">
      <classes/>
    </package>
    <package name="Behaviour/CriteriaBehaviour.php" line-rate="0" branch-rate="0" complexity="0">
      <classes/>
    </package>
    <package name="Behaviour/SupportsBehaviour.php" line-rate="0" branch-rate="0" complexity="0">
      <classes/>
    </package>
    <package name="DecisionTree/AIModelDecisionTree.php" line-rate="1" branch-rate="0" complexity="4">
      <classes>
        <class name="ModelflowAi\Core\DecisionTree\AIModelDecisionTree" filename="DecisionTree/AIModelDecisionTree.php" line-rate="1" branch-rate="0" complexity="4">
          <methods>
            <method name="__construct" signature="array $rules" line-rate="1" branch-rate="0" complexity="1">
              <lines>
                <line number="32" hits="2"/>
              </lines>
            </method>
            <method name="determineAdapter" signature="object $request" line-rate="1" branch-rate="0" complexity="3">
              <lines>
                <line number="36" hits="2"/>
                <line number="37" hits="2"/>
                <line number="38" hits="1"/>
                <line number="42" hits="1"/>
              </lines>
            </method>
          </methods>
          <lines>
            <line number="32" hits="2"/>
            <line number="36" hits="2"/>
            <line number="37" hits="2"/>
            <line number="38" hits="1"/>
            <line number="42" hits="1"/>
          </lines>
        </class>
      </classes>
    </package>
    <package name="DecisionTree/AIModelDecisionTreeInterface.php" line-rate="0" branch-rate="0" complexity="0">
      <classes/>
    </package>
    <package name="DecisionTree/DecisionEnum.php" line-rate="0" branch-rate="0" complexity="0">
      <classes/>
    </package>
    <package name="DecisionTree/DecisionRule.php" line-rate="1" branch-rate="0" complexity="4">
      <classes>
        <class name="ModelflowAi\Core\DecisionTree\DecisionRule" filename="DecisionTree/DecisionRule.php" line-rate="1" branch-rate="0" complexity="4">
          <methods>
            <method name="__construct" signature="object $adapter, array $criteria" line-rate="1" branch-rate="0" complexity="1">
              <lines>
                <line number="36" hits="3"/>
              </lines>
            </method>
            <method name="matches" signature="object $request" line-rate="1" branch-rate="0" complexity="2">
              <lines>
                <line number="40" hits="2"/>
                <line number="41" hits="1"/>
                <line number="44" hits="1"/>
              </lines>
            </method>
            <method name="getAdapter" signature="" line-rate="1" branch-rate="0" complexity="1">
              <lines>
                <line number="49" hits="1"/>
              </lines>
            </method>
          </methods>
          <lines>
            <line number="36" hits="3"/>
            <line number="40" hits="2"/>
            <line number="41" hits="1"/>
            <line number="44" hits="1"/>
            <line number="49" hits="1"/>
          </lines>
        </class>
      </classes>
    </package>
    <package name="DecisionTree/DecisionRuleInterface.php" line-rate="0" branch-rate="0" complexity="0">
      <classes/>
    </package>
    <package name="Embeddings/EmbeddingAdapterInterface.php" line-rate="0" branch-rate="0" complexity="0">
      <classes/>
    </package>
    <package name="Factory/ChatAdapterFactoryInterface.php" line-rate="0" branch-rate="0" complexity="0">
      <classes/>
    </package>
    <package name="Factory/CompletionAdapterFactoryInterface.php" line-rate="0" branch-rate="0" complexity="0">
      <classes/>
    </package>
    <package name="Factory/EmbeddingAdapterFactoryInterface.php" line-rate="0" branch-rate="0" complexity="0">
      <classes/>
    </package>
    <package name="Model/AIModelAdapterInterface.php" line-rate="0" branch-rate="0" complexity="0">
      <classes/>
    </package>
    <package name="Request/AIChatMessageCollection.php" line-rate="1" branch-rate="0" complexity="4">
      <classes>
        <class name="ModelflowAi\Core\Request\AIChatMessageCollection" filename="Request/AIChatMessageCollection.php" line-rate="1" branch-rate="0" complexity="4">
          <methods>
            <method name="__construct" signature="ModelflowAi\Core\Request\Message\AIChatMessage $messages" line-rate="1" branch-rate="0" complexity="1">
              <lines>
                <line number="26" hits="20"/>
              </lines>
            </method>
            <method name="latest" signature="" line-rate="1" branch-rate="0" complexity="2">
              <lines>
                <line number="31" hits="19"/>
                <line number="32" hits="9"/>
                <line number="35" hits="10"/>
              </lines>
            </method>
            <method name="toArray" signature="" line-rate="1" branch-rate="0" complexity="1">
              <lines>
                <line number="47" hits="1"/>
                <line number="48" hits="1"/>
                <line number="49" hits="1"/>
                <line number="50" hits="1"/>
              </lines>
            </method>
          </methods>
          <lines>
            <line number="26" hits="20"/>
            <line number="31" hits="19"/>
            <line number="32" hits="9"/>
            <line number="35" hits="10"/>
            <line number="47" hits="1"/>
            <line number="48" hits="1"/>
            <line number="49" hits="1"/>
            <line number="50" hits="1"/>
          </lines>
        </class>
      </classes>
    </package>
    <package name="Request/AIChatRequest.php" line-rate="0.86666666666667" branch-rate="0" complexity="11">
      <classes>
        <class name="ModelflowAi\Core\Request\AIChatRequest" filename="Request/AIChatRequest.php" line-rate="0.86666666666667" branch-rate="0" complexity="11">
          <methods>
            <method name="__construct" signature="ModelflowAi\Core\Request\AIChatMessageCollection $messages, ModelflowAi\Core\Request\Criteria\AIRequestCriteriaCollection $criteria, array $tools, array $toolInfos, array $options, callable $requestHandler" line-rate="0.9" branch-rate="0" complexity="6">
              <lines>
                <line number="37" hits="19"/>
                <line number="39" hits="19"/>
                <line number="40" hits="19"/>
                <line number="41" hits="10"/>
                <line number="42" hits="1"/>
                <line number="46" hits="19"/>
                <line number="47" hits="0"/>
                <line number="50" hits="19"/>
                <line number="51" hits="2"/>
                <line number="54" hits="19"/>
              </lines>
            </method>
            <method name="getMessages" signature="" line-rate="1" branch-rate="0" complexity="1">
              <lines>
                <line number="59" hits="5"/>
              </lines>
            </method>
            <method name="hasTools" signature="" line-rate="0" branch-rate="0" complexity="1">
              <lines>
                <line number="64" hits="0"/>
              </lines>
            </method>
            <method name="getTools" signature="" line-rate="1" branch-rate="0" complexity="1">
              <lines>
                <line number="72" hits="2"/>
              </lines>
            </method>
            <method name="getToolInfos" signature="" line-rate="1" branch-rate="0" complexity="1">
              <lines>
                <line number="80" hits="1"/>
              </lines>
            </method>
            <method name="execute" signature="" line-rate="1" branch-rate="0" complexity="1">
              <lines>
                <line number="85" hits="2"/>
              </lines>
            </method>
          </methods>
          <lines>
            <line number="37" hits="19"/>
            <line number="39" hits="19"/>
            <line number="40" hits="19"/>
            <line number="41" hits="10"/>
            <line number="42" hits="1"/>
            <line number="46" hits="19"/>
            <line number="47" hits="0"/>
            <line number="50" hits="19"/>
            <line number="51" hits="2"/>
            <line number="54" hits="19"/>
            <line number="59" hits="5"/>
            <line number="64" hits="0"/>
            <line number="72" hits="2"/>
            <line number="80" hits="1"/>
            <line number="85" hits="2"/>
          </lines>
        </class>
      </classes>
    </package>
    <package name="Request/AICompletionRequest.php" line-rate="1" branch-rate="0" complexity="3">
      <classes>
        <class name="ModelflowAi\Core\Request\AICompletionRequest" filename="Request/AICompletionRequest.php" line-rate="1" branch-rate="0" complexity="3">
          <methods>
            <method name="__construct" signature="string $prompt, ModelflowAi\Core\Request\Criteria\AIRequestCriteriaCollection $criteria, array $options, callable $requestHandler" line-rate="1" branch-rate="0" complexity="1">
              <lines>
                <line number="27" hits="7"/>
              </lines>
            </method>
            <method name="getPrompt" signature="" line-rate="1" branch-rate="0" complexity="1">
              <lines>
                <line number="32" hits="1"/>
              </lines>
            </method>
            <method name="execute" signature="" line-rate="1" branch-rate="0" complexity="1">
              <lines>
                <line number="37" hits="2"/>
              </lines>
            </method>
          </methods>
          <lines>
            <line number="27" hits="7"/>
            <line number="32" hits="1"/>
            <line number="37" hits="2"/>
          </lines>
        </class>
      </classes>
    </package>
    <package name="Request/AIRequest.php" line-rate="1" branch-rate="0" complexity="3">
      <classes>
        <class name="ModelflowAi\Core\Request\AIRequest" filename="Request/AIRequest.php" line-rate="1" branch-rate="0" complexity="3">
          <methods>
            <method name="__construct" signature="ModelflowAi\Core\Request\Criteria\AIRequestCriteriaCollection $criteria, array $options, callable $requestHandler" line-rate="1" branch-rate="0" complexity="1">
              <lines>
                <line number="39" hits="26"/>
              </lines>
            </method>
            <method name="getOption" signature="string $key, mixed $default" line-rate="1" branch-rate="0" complexity="1">
              <lines>
                <line number="47" hits="21"/>
              </lines>
            </method>
            <method name="matches" signature="array $criteria" line-rate="1" branch-rate="0" complexity="1">
              <lines>
                <line number="52" hits="6"/>
              </lines>
            </method>
          </methods>
          <lines>
            <line number="39" hits="26"/>
            <line number="47" hits="21"/>
            <line number="52" hits="6"/>
          </lines>
        </class>
      </classes>
    </package>
    <package name="Request/AIRequestInterface.php" line-rate="0" branch-rate="0" complexity="0">
      <classes/>
    </package>
    <package name="Request/Builder/AIChatRequestBuilder.php" line-rate="1" branch-rate="0" complexity="10">
      <classes>
        <class name="ModelflowAi\Core\Request\Builder\AIChatRequestBuilder" filename="Request/Builder/AIChatRequestBuilder.php" line-rate="1" branch-rate="0" complexity="10">
          <methods>
            <method name="create" signature="callable $requestHandler" line-rate="1" branch-rate="0" complexity="1">
              <lines>
                <line number="38" hits="2"/>
              </lines>
            </method>
            <method name="addMessage" signature="ModelflowAi\Core\Request\Message\AIChatMessage $message" line-rate="1" branch-rate="0" complexity="1">
              <lines>
                <line number="43" hits="4"/>
                <line number="45" hits="4"/>
              </lines>
            </method>
            <method name="addMessages" signature="array $messages" line-rate="1" branch-rate="0" complexity="2">
              <lines>
                <line number="53" hits="3"/>
                <line number="54" hits="2"/>
                <line number="57" hits="3"/>
              </lines>
            </method>
            <method name="addSystemMessage" signature="array|\ModelflowAi\Core\Request\Message\MessagePart|string $content" line-rate="1" branch-rate="0" complexity="1">
              <lines>
                <line number="65" hits="1"/>
                <line number="67" hits="1"/>
              </lines>
            </method>
            <method name="addAssistantMessage" signature="array|\ModelflowAi\Core\Request\Message\MessagePart|string $content" line-rate="1" branch-rate="0" complexity="1">
              <lines>
                <line number="75" hits="1"/>
                <line number="77" hits="1"/>
              </lines>
            </method>
            <method name="addUserMessage" signature="array|\ModelflowAi\Core\Request\Message\MessagePart|string $content" line-rate="1" branch-rate="0" complexity="1">
              <lines>
                <line number="85" hits="1"/>
                <line number="87" hits="1"/>
              </lines>
            </method>
            <method name="toolChoice" signature="ModelflowAi\Core\ToolInfo\ToolChoiceEnum $toolChoice" line-rate="1" branch-rate="0" complexity="1">
              <lines>
                <line number="92" hits="1"/>
                <line number="94" hits="1"/>
              </lines>
            </method>
            <method name="tool" signature="string $name, object $instance, ?string $method" line-rate="1" branch-rate="0" complexity="1">
              <lines>
                <line number="99" hits="1"/>
                <line number="101" hits="1"/>
              </lines>
            </method>
            <method name="build" signature="" line-rate="1" branch-rate="0" complexity="1">
              <lines>
                <line number="106" hits="13"/>
                <line number="107" hits="13"/>
                <line number="108" hits="13"/>
                <line number="109" hits="13"/>
                <line number="110" hits="13"/>
                <line number="112" hits="13"/>
                <line number="113" hits="13"/>
                <line number="114" hits="13"/>
                <line number="115" hits="13"/>
                <line number="116" hits="13"/>
                <line number="117" hits="13"/>
                <line number="118" hits="13"/>
                <line number="119" hits="13"/>
              </lines>
            </method>
          </methods>
          <lines>
            <line number="38" hits="2"/>
            <line number="43" hits="4"/>
            <line number="45" hits="4"/>
            <line number="53" hits="3"/>
            <line number="54" hits="2"/>
            <line number="57" hits="3"/>
            <line number="65" hits="1"/>
            <line number="67" hits="1"/>
            <line number="75" hits="1"/>
            <line number="77" hits="1"/>
            <line number="85" hits="1"/>
            <line number="87" hits="1"/>
            <line number="92" hits="1"/>
            <line number="94" hits="1"/>
            <line number="99" hits="1"/>
            <line number="101" hits="1"/>
            <line number="106" hits="13"/>
            <line number="107" hits="13"/>
            <line number="108" hits="13"/>
            <line number="109" hits="13"/>
            <line number="110" hits="13"/>
            <line number="112" hits="13"/>
            <line number="113" hits="13"/>
            <line number="114" hits="13"/>
            <line number="115" hits="13"/>
            <line number="116" hits="13"/>
            <line number="117" hits="13"/>
            <line number="118" hits="13"/>
            <line number="119" hits="13"/>
          </lines>
        </class>
      </classes>
    </package>
    <package name="Request/Builder/AICompletionRequestBuilder.php" line-rate="1" branch-rate="0" complexity="4">
      <classes>
        <class name="ModelflowAi\Core\Request\Builder\AICompletionRequestBuilder" filename="Request/Builder/AICompletionRequestBuilder.php" line-rate="1" branch-rate="0" complexity="4">
          <methods>
            <method name="create" signature="callable $requestHandler" line-rate="1" branch-rate="0" complexity="1">
              <lines>
                <line number="24" hits="2"/>
              </lines>
            </method>
            <method name="prompt" signature="?string $prompt" line-rate="1" branch-rate="0" complexity="1">
              <lines>
                <line number="29" hits="5"/>
                <line number="31" hits="5"/>
              </lines>
            </method>
            <method name="build" signature="" line-rate="1" branch-rate="0" complexity="2">
              <lines>
                <line number="36" hits="5"/>
                <line number="37" hits="1"/>
                <line number="40" hits="4"/>
                <line number="41" hits="4"/>
                <line number="42" hits="4"/>
                <line number="43" hits="4"/>
                <line number="44" hits="4"/>
                <line number="45" hits="4"/>
              </lines>
            </method>
          </methods>
          <lines>
            <line number="24" hits="2"/>
            <line number="29" hits="5"/>
            <line number="31" hits="5"/>
            <line number="36" hits="5"/>
            <line number="37" hits="1"/>
            <line number="40" hits="4"/>
            <line number="41" hits="4"/>
            <line number="42" hits="4"/>
            <line number="43" hits="4"/>
            <line number="44" hits="4"/>
            <line number="45" hits="4"/>
          </lines>
        </class>
      </classes>
    </package>
    <package name="Request/Builder/AIRequestBuilder.php" line-rate="1" branch-rate="0" complexity="5">
      <classes>
        <class name="ModelflowAi\Core\Request\Builder\AIRequestBuilder" filename="Request/Builder/AIRequestBuilder.php" line-rate="1" branch-rate="0" complexity="5">
          <methods>
            <method name="__construct" signature="callable $requestHandler" line-rate="1" branch-rate="0" complexity="1">
              <lines>
                <line number="42" hits="20"/>
                <line number="44" hits="20"/>
              </lines>
            </method>
            <method name="asJson" signature="" line-rate="1" branch-rate="0" complexity="1">
              <lines>
                <line number="49" hits="2"/>
                <line number="51" hits="2"/>
              </lines>
            </method>
            <method name="streamed" signature="" line-rate="1" branch-rate="0" complexity="1">
              <lines>
                <line number="56" hits="1"/>
                <line number="58" hits="1"/>
              </lines>
            </method>
            <method name="addCriteria" signature="\ModelflowAi\Core\Request\Criteria\AiCriteriaInterface|array $criteria" line-rate="1" branch-rate="0" complexity="2">
              <lines>
                <line number="66" hits="2"/>
                <line number="68" hits="2"/>
                <line number="69" hits="2"/>
                <line number="70" hits="2"/>
                <line number="72" hits="2"/>
              </lines>
            </method>
          </methods>
          <lines>
            <line number="42" hits="20"/>
            <line number="44" hits="20"/>
            <line number="49" hits="2"/>
            <line number="51" hits="2"/>
            <line number="56" hits="1"/>
            <line number="58" hits="1"/>
            <line number="66" hits="2"/>
            <line number="68" hits="2"/>
            <line number="69" hits="2"/>
            <line number="70" hits="2"/>
            <line number="72" hits="2"/>
          </lines>
        </class>
      </classes>
    </package>
    <package name="Request/Criteria/AIRequestCriteriaCollection.php" line-rate="1" branch-rate="0" complexity="10">
      <classes>
        <class name="ModelflowAi\Core\Request\Criteria\AIRequestCriteriaCollection" filename="Request/Criteria/AIRequestCriteriaCollection.php" line-rate="1" branch-rate="0" complexity="10">
          <methods>
            <method name="__construct" signature="array $criteria" line-rate="1" branch-rate="0" complexity="1">
              <lines>
                <line number="26" hits="46"/>
              </lines>
            </method>
            <method name="matches" signature="array $toMatch" line-rate="1" branch-rate="0" complexity="8">
              <lines>
                <line number="33" hits="23"/>
                <line number="34" hits="23"/>
                <line number="35" hits="22"/>
                <line number="36" hits="22"/>
                <line number="37" hits="22"/>
                <line number="38" hits="3"/>
                <line number="40" hits="22"/>
                <line number="41" hits="9"/>
                <line number="42" hits="9"/>
                <line number="44" hits="22"/>
                <line number="45" hits="19"/>
                <line number="46" hits="19"/>
                <line number="51" hits="20"/>
                <line number="52" hits="19"/>
                <line number="53" hits="5"/>
                <line number="57" hits="17"/>
              </lines>
            </method>
            <method name="withFeatures" signature="array $features" line-rate="1" branch-rate="0" complexity="1">
              <lines>
                <line number="65" hits="20"/>
              </lines>
            </method>
          </methods>
          <lines>
            <line number="26" hits="46"/>
            <line number="33" hits="23"/>
            <line number="34" hits="23"/>
            <line number="35" hits="22"/>
            <line number="36" hits="22"/>
            <line number="37" hits="22"/>
            <line number="38" hits="3"/>
            <line number="40" hits="22"/>
            <line number="41" hits="9"/>
            <line number="42" hits="9"/>
            <line number="44" hits="22"/>
            <line number="45" hits="19"/>
            <line number="46" hits="19"/>
            <line number="51" hits="20"/>
            <line number="52" hits="19"/>
            <line number="53" hits="5"/>
            <line number="57" hits="17"/>
            <line number="65" hits="20"/>
          </lines>
        </class>
      </classes>
    </package>
    <package name="Request/Criteria/AiCriteriaInterface.php" line-rate="0" branch-rate="0" complexity="0">
      <classes/>
    </package>
    <package name="Request/Criteria/CapabilityCriteria.php" line-rate="0" branch-rate="0" complexity="0">
      <classes/>
    </package>
    <package name="Request/Criteria/FeatureCriteria.php" line-rate="0" branch-rate="0" complexity="0">
      <classes/>
    </package>
    <package name="Request/Criteria/FlagCriteriaTrait.php" line-rate="0.8" branch-rate="0" complexity="5">
      <classes>
        <class name="ModelflowAi\Core\Request\Criteria\FlagCriteriaTrait" filename="Request/Criteria/FlagCriteriaTrait.php" line-rate="0.8" branch-rate="0" complexity="5">
          <methods>
            <method name="matches" signature="ModelflowAi\Core\Request\Criteria\AiCriteriaInterface $toMatch" line-rate="1" branch-rate="0" complexity="3">
              <lines>
                <line number="22" hits="18"/>
                <line number="23" hits="10"/>
                <line number="26" hits="17"/>
              </lines>
            </method>
            <method name="getValue" signature="" line-rate="1" branch-rate="0" complexity="1">
              <lines>
                <line number="31" hits="17"/>
              </lines>
            </method>
            <method name="getName" signature="" line-rate="0" branch-rate="0" complexity="1">
              <lines>
                <line number="36" hits="0"/>
              </lines>
            </method>
          </methods>
          <lines>
            <line number="22" hits="18"/>
            <line number="23" hits="10"/>
            <line number="26" hits="17"/>
            <line number="31" hits="17"/>
            <line number="36" hits="0"/>
          </lines>
        </class>
      </classes>
    </package>
    <package name="Request/Criteria/LevelCriteriaTrait.php" line-rate="0.6" branch-rate="0" complexity="5">
      <classes>
        <class name="ModelflowAi\Core\Request\Criteria\LevelCriteriaTrait" filename="Request/Criteria/LevelCriteriaTrait.php" line-rate="0.6" branch-rate="0" complexity="5">
          <methods>
            <method name="matches" signature="ModelflowAi\Core\Request\Criteria\AiCriteriaInterface $toMatch" line-rate="1" branch-rate="0" complexity="3">
              <lines>
                <line number="22" hits="16"/>
                <line number="23" hits="12"/>
                <line number="26" hits="14"/>
              </lines>
            </method>
            <method name="getValue" signature="" line-rate="0" branch-rate="0" complexity="1">
              <lines>
                <line number="31" hits="0"/>
              </lines>
            </method>
            <method name="getName" signature="" line-rate="0" branch-rate="0" complexity="1">
              <lines>
                <line number="36" hits="0"/>
              </lines>
            </method>
          </methods>
          <lines>
            <line number="22" hits="16"/>
            <line number="23" hits="12"/>
            <line number="26" hits="14"/>
            <line number="31" hits="0"/>
            <line number="36" hits="0"/>
          </lines>
        </class>
      </classes>
    </package>
    <package name="Request/Criteria/PrivacyCriteria.php" line-rate="0" branch-rate="0" complexity="0">
      <classes/>
    </package>
    <package name="Request/Message/AIChatMessage.php" line-rate="1" branch-rate="0" complexity="5">
      <classes>
        <class name="ModelflowAi\Core\Request\Message\AIChatMessage" filename="Request/Message/AIChatMessage.php" line-rate="1" branch-rate="0" complexity="5">
          <methods>
            <method name="__construct" signature="ModelflowAi\Core\Request\Message\AIChatMessageRoleEnum $role, array|\ModelflowAi\Core\Request\Message\MessagePart|string $content" line-rate="1" branch-rate="0" complexity="3">
              <lines>
                <line number="32" hits="16"/>
                <line number="33" hits="4"/>
                <line number="34" hits="12"/>
                <line number="35" hits="11"/>
                <line number="37" hits="1"/>
                <line number="38" hits="1"/>
              </lines>
            </method>
            <method name="toArray" signature="" line-rate="1" branch-rate="0" complexity="2">
              <lines>
                <line number="53" hits="6"/>
                <line number="54" hits="6"/>
                <line number="55" hits="6"/>
                <line number="56" hits="6"/>
                <line number="59" hits="6"/>
                <line number="60" hits="6"/>
                <line number="63" hits="6"/>
              </lines>
            </method>
          </methods>
          <lines>
            <line number="32" hits="16"/>
            <line number="33" hits="4"/>
            <line number="34" hits="12"/>
            <line number="35" hits="11"/>
            <line number="37" hits="1"/>
            <line number="38" hits="1"/>
            <line number="53" hits="6"/>
            <line number="54" hits="6"/>
            <line number="55" hits="6"/>
            <line number="56" hits="6"/>
            <line number="59" hits="6"/>
            <line number="60" hits="6"/>
            <line number="63" hits="6"/>
          </lines>
        </class>
      </classes>
    </package>
    <package name="Request/Message/AIChatMessageRoleEnum.php" line-rate="0" branch-rate="0" complexity="0">
      <classes/>
    </package>
    <package name="Request/Message/ImageBase64Part.php" line-rate="0.88888888888889" branch-rate="0" complexity="4">
      <classes>
        <class name="ModelflowAi\Core\Request\Message\ImageBase64Part" filename="Request/Message/ImageBase64Part.php" line-rate="0.88888888888889" branch-rate="0" complexity="4">
          <methods>
            <method name="create" signature="string $path" line-rate="0.83333333333333" branch-rate="0" complexity="2">
              <lines>
                <line number="23" hits="1"/>
                <line number="24" hits="1"/>
                <line number="25" hits="0"/>
                <line number="28" hits="1"/>
                <line number="29" hits="1"/>
                <line number="31" hits="1"/>
              </lines>
            </method>
            <method name="__construct" signature="string $content, string $mimeType" line-rate="1" branch-rate="0" complexity="1">
              <lines>
                <line number="38" hits="5"/>
              </lines>
            </method>
            <method name="enhanceMessage" signature="array $message" line-rate="1" branch-rate="0" complexity="1">
              <lines>
                <line number="43" hits="3"/>
                <line number="45" hits="3"/>
              </lines>
            </method>
          </methods>
          <lines>
            <line number="23" hits="1"/>
            <line number="24" hits="1"/>
            <line number="25" hits="0"/>
            <line number="28" hits="1"/>
            <line number="29" hits="1"/>
            <line number="31" hits="1"/>
            <line number="38" hits="5"/>
            <line number="43" hits="3"/>
            <line number="45" hits="3"/>
          </lines>
        </class>
      </classes>
    </package>
    <package name="Request/Message/MessagePart.php" line-rate="1" branch-rate="0" complexity="1">
      <classes>
        <class name="ModelflowAi\Core\Request\Message\MessagePart" filename="Request/Message/MessagePart.php" line-rate="1" branch-rate="0" complexity="1">
          <methods>
            <method name="__construct" signature="ModelflowAi\Core\Request\Message\MessagePartTypeEnum $type" line-rate="1" branch-rate="0" complexity="1">
              <lines>
                <line number="21" hits="24"/>
              </lines>
            </method>
          </methods>
          <lines>
            <line number="21" hits="24"/>
          </lines>
        </class>
      </classes>
    </package>
    <package name="Request/Message/MessagePartTypeEnum.php" line-rate="0" branch-rate="0" complexity="0">
      <classes/>
    </package>
    <package name="Request/Message/TextPart.php" line-rate="1" branch-rate="0" complexity="3">
      <classes>
        <class name="ModelflowAi\Core\Request\Message\TextPart" filename="Request/Message/TextPart.php" line-rate="1" branch-rate="0" complexity="3">
          <methods>
            <method name="create" signature="string $text" line-rate="1" branch-rate="0" complexity="1">
              <lines>
                <line number="21" hits="11"/>
              </lines>
            </method>
            <method name="__construct" signature="string $text" line-rate="1" branch-rate="0" complexity="1">
              <lines>
                <line number="27" hits="15"/>
              </lines>
            </method>
            <method name="enhanceMessage" signature="array $message" line-rate="1" branch-rate="0" complexity="1">
              <lines>
                <line number="32" hits="5"/>
                <line number="34" hits="5"/>
              </lines>
            </method>
          </methods>
          <lines>
            <line number="21" hits="11"/>
            <line number="27" hits="15"/>
            <line number="32" hits="5"/>
            <line number="34" hits="5"/>
          </lines>
        </class>
      </classes>
    </package>
    <package name="Request/Message/ToolCallPart.php" line-rate="0.5" branch-rate="0" complexity="3">
      <classes>
        <class name="ModelflowAi\Core\Request\Message\ToolCallPart" filename="Request/Message/ToolCallPart.php" line-rate="0.5" branch-rate="0" complexity="3">
          <methods>
            <method name="create" signature="string $toolCallId, string $toolName, string $content" line-rate="0" branch-rate="0" complexity="1">
              <lines>
                <line number="23" hits="0"/>
                <line number="24" hits="0"/>
                <line number="25" hits="0"/>
                <line number="26" hits="0"/>
                <line number="27" hits="0"/>
              </lines>
            </method>
            <method name="__construct" signature="string $toolCallId, string $toolName, string $content" line-rate="1" branch-rate="0" complexity="1">
              <lines>
                <line number="35" hits="3"/>
              </lines>
            </method>
            <method name="enhanceMessage" signature="array $message" line-rate="1" branch-rate="0" complexity="1">
              <lines>
                <line number="40" hits="2"/>
                <line number="41" hits="2"/>
                <line number="42" hits="2"/>
                <line number="44" hits="2"/>
              </lines>
            </method>
          </methods>
          <lines>
            <line number="23" hits="0"/>
            <line number="24" hits="0"/>
            <line number="25" hits="0"/>
            <line number="26" hits="0"/>
            <line number="27" hits="0"/>
            <line number="35" hits="3"/>
            <line number="40" hits="2"/>
            <line number="41" hits="2"/>
            <line number="42" hits="2"/>
            <line number="44" hits="2"/>
          </lines>
        </class>
      </classes>
    </package>
    <package name="Request/Message/ToolCallsPart.php" line-rate="0.93333333333333" branch-rate="0" complexity="3">
      <classes>
        <class name="ModelflowAi\Core\Request\Message\ToolCallsPart" filename="Request/Message/ToolCallsPart.php" line-rate="0.93333333333333" branch-rate="0" complexity="3">
          <methods>
            <method name="create" signature="array $toolCalls" line-rate="0" branch-rate="0" complexity="1">
              <lines>
                <line number="26" hits="0"/>
              </lines>
            </method>
            <method name="__construct" signature="array $toolCalls" line-rate="1" branch-rate="0" complexity="1">
              <lines>
                <line number="35" hits="2"/>
              </lines>
            </method>
            <method name="enhanceMessage" signature="array $message" line-rate="1" branch-rate="0" complexity="1">
              <lines>
                <line number="40" hits="1"/>
                <line number="41" hits="1"/>
                <line number="42" hits="1"/>
                <line number="43" hits="1"/>
                <line number="44" hits="1"/>
                <line number="45" hits="1"/>
                <line number="46" hits="1"/>
                <line number="47" hits="1"/>
                <line number="48" hits="1"/>
                <line number="49" hits="1"/>
                <line number="50" hits="1"/>
                <line number="51" hits="1"/>
                <line number="53" hits="1"/>
              </lines>
            </method>
          </methods>
          <lines>
            <line number="26" hits="0"/>
            <line number="35" hits="2"/>
            <line number="40" hits="1"/>
            <line number="41" hits="1"/>
            <line number="42" hits="1"/>
            <line number="43" hits="1"/>
            <line number="44" hits="1"/>
            <line number="45" hits="1"/>
            <line number="46" hits="1"/>
            <line number="47" hits="1"/>
            <line number="48" hits="1"/>
            <line number="49" hits="1"/>
            <line number="50" hits="1"/>
            <line number="51" hits="1"/>
            <line number="53" hits="1"/>
          </lines>
        </class>
      </classes>
    </package>
    <package name="Response/AIChatResponse.php" line-rate="1" branch-rate="0" complexity="3">
      <classes>
        <class name="ModelflowAi\Core\Response\AIChatResponse" filename="Response/AIChatResponse.php" line-rate="1" branch-rate="0" complexity="3">
          <methods>
            <method name="__construct" signature="ModelflowAi\Core\Request\AIRequestInterface $request, ModelflowAi\Core\Response\AIChatResponseMessage $message" line-rate="1" branch-rate="0" complexity="1">
              <lines>
                <line number="24" hits="6"/>
              </lines>
            </method>
            <method name="getRequest" signature="" line-rate="1" branch-rate="0" complexity="1">
              <lines>
                <line number="28" hits="2"/>
              </lines>
            </method>
            <method name="getMessage" signature="" line-rate="1" branch-rate="0" complexity="1">
              <lines>
                <line number="33" hits="2"/>
              </lines>
            </method>
          </methods>
          <lines>
            <line number="24" hits="6"/>
            <line number="28" hits="2"/>
            <line number="33" hits="2"/>
          </lines>
        </class>
      </classes>
    </package>
    <package name="Response/AIChatResponseMessage.php" line-rate="1" branch-rate="0" complexity="1">
      <classes>
        <class name="ModelflowAi\Core\Response\AIChatResponseMessage" filename="Response/AIChatResponseMessage.php" line-rate="1" branch-rate="0" complexity="1">
          <methods>
            <method name="__construct" signature="ModelflowAi\Core\Request\Message\AIChatMessageRoleEnum $role, string $content, ?array $toolCalls" line-rate="1" branch-rate="0" complexity="1">
              <lines>
                <line number="28" hits="12"/>
              </lines>
            </method>
          </methods>
          <lines>
            <line number="28" hits="12"/>
          </lines>
        </class>
      </classes>
    </package>
    <package name="Response/AIChatResponseStream.php" line-rate="1" branch-rate="0" complexity="5">
      <classes>
        <class name="ModelflowAi\Core\Response\AIChatResponseStream" filename="Response/AIChatResponseStream.php" line-rate="1" branch-rate="0" complexity="5">
          <methods>
            <method name="__construct" signature="ModelflowAi\Core\Request\AIRequestInterface $request, Iterator $messages" line-rate="1" branch-rate="0" complexity="1">
              <lines>
                <line number="30" hits="2"/>
                <line number="32" hits="2"/>
              </lines>
            </method>
            <method name="getRequest" signature="" line-rate="1" branch-rate="0" complexity="1">
              <lines>
                <line number="37" hits="1"/>
              </lines>
            </method>
            <method name="getMessage" signature="" line-rate="1" branch-rate="0" complexity="1">
              <lines>
                <line number="42" hits="1"/>
              </lines>
            </method>
            <method name="getMessageStream" signature="" line-rate="1" branch-rate="0" complexity="2">
              <lines>
                <line number="50" hits="1"/>
                <line number="51" hits="1"/>
                <line number="53" hits="1"/>
              </lines>
            </method>
          </methods>
          <lines>
            <line number="30" hits="2"/>
            <line number="32" hits="2"/>
            <line number="37" hits="1"/>
            <line number="42" hits="1"/>
            <line number="50" hits="1"/>
            <line number="51" hits="1"/>
            <line number="53" hits="1"/>
          </lines>
        </class>
      </classes>
    </package>
    <package name="Response/AIChatResponseStreamMessageBuilder.php" line-rate="1" branch-rate="0" complexity="5">
      <classes>
        <class name="ModelflowAi\Core\Response\AIChatResponseStreamMessageBuilder" filename="Response/AIChatResponseStreamMessageBuilder.php" line-rate="1" branch-rate="0" complexity="5">
          <methods>
            <method name="__construct" signature="array $messages" line-rate="1" branch-rate="0" complexity="1">
              <lines>
                <line number="26" hits="4"/>
              </lines>
            </method>
            <method name="getMessage" signature="" line-rate="1" branch-rate="0" complexity="3">
              <lines>
                <line number="30" hits="3"/>
                <line number="31" hits="3"/>
                <line number="32" hits="3"/>
                <line number="33" hits="3"/>
                <line number="34" hits="3"/>
                <line number="36" hits="3"/>
                <line number="39" hits="3"/>
                <line number="41" hits="3"/>
              </lines>
            </method>
            <method name="add" signature="ModelflowAi\Core\Response\AIChatResponseMessage $message" line-rate="1" branch-rate="0" complexity="1">
              <lines>
                <line number="46" hits="2"/>
              </lines>
            </method>
          </methods>
          <lines>
            <line number="26" hits="4"/>
            <line number="30" hits="3"/>
            <line number="31" hits="3"/>
            <line number="32" hits="3"/>
            <line number="33" hits="3"/>
            <line number="34" hits="3"/>
            <line number="36" hits="3"/>
            <line number="39" hits="3"/>
            <line number="41" hits="3"/>
            <line number="46" hits="2"/>
          </lines>
        </class>
      </classes>
    </package>
    <package name="Response/AIChatToolCall.php" line-rate="1" branch-rate="0" complexity="1">
      <classes>
        <class name="ModelflowAi\Core\Response\AIChatToolCall" filename="Response/AIChatToolCall.php" line-rate="1" branch-rate="0" complexity="1">
          <methods>
            <method name="__construct" signature="ModelflowAi\Core\ToolInfo\ToolTypeEnum $type, string $id, string $name, array $arguments" line-rate="1" branch-rate="0" complexity="1">
              <lines>
                <line number="29" hits="8"/>
              </lines>
            </method>
          </methods>
          <lines>
            <line number="29" hits="8"/>
          </lines>
        </class>
      </classes>
    </package>
    <package name="Response/AICompletionResponse.php" line-rate="1" branch-rate="0" complexity="3">
      <classes>
        <class name="ModelflowAi\Core\Response\AICompletionResponse" filename="Response/AICompletionResponse.php" line-rate="1" branch-rate="0" complexity="3">
          <methods>
            <method name="__construct" signature="ModelflowAi\Core\Request\AIRequestInterface $request, string $content" line-rate="1" branch-rate="0" complexity="1">
              <lines>
                <line number="24" hits="4"/>
              </lines>
            </method>
            <method name="getRequest" signature="" line-rate="1" branch-rate="0" complexity="1">
              <lines>
                <line number="28" hits="2"/>
              </lines>
            </method>
            <method name="getContent" signature="" line-rate="1" branch-rate="0" complexity="1">
              <lines>
                <line number="33" hits="2"/>
              </lines>
            </method>
          </methods>
          <lines>
            <line number="24" hits="4"/>
            <line number="28" hits="2"/>
            <line number="33" hits="2"/>
          </lines>
        </class>
      </classes>
    </package>
    <package name="Response/AIResponseInterface.php" line-rate="0" branch-rate="0" complexity="0">
      <classes/>
    </package>
    <package name="ToolInfo/Parameter.php" line-rate="1" branch-rate="0" complexity="1">
      <classes>
        <class name="ModelflowAi\Core\ToolInfo\Parameter" filename="ToolInfo/Parameter.php" line-rate="1" branch-rate="0" complexity="1">
          <methods>
            <method name="__construct" signature="string $name, string $type, string $description, array $enum, ?string $format, array|string|null $itemsOrProperties" line-rate="1" branch-rate="0" complexity="1">
              <lines>
                <line number="33" hits="14"/>
              </lines>
            </method>
          </methods>
          <lines>
            <line number="33" hits="14"/>
          </lines>
        </class>
      </classes>
    </package>
    <package name="ToolInfo/ToolChoiceEnum.php" line-rate="0" branch-rate="0" complexity="0">
      <classes/>
    </package>
    <package name="ToolInfo/ToolExecutor.php" line-rate="0.71428571428571" branch-rate="0" complexity="3">
      <classes>
        <class name="ModelflowAi\Core\ToolInfo\ToolExecutor" filename="ToolInfo/ToolExecutor.php" line-rate="0.71428571428571" branch-rate="0" complexity="3">
          <methods>
            <method name="execute" signature="ModelflowAi\Core\Request\AIChatRequest $request, ModelflowAi\Core\Response\AIChatToolCall $toolCall" line-rate="0.71428571428571" branch-rate="0" complexity="3">
              <lines>
                <line number="27" hits="1"/>
                <line number="28" hits="1"/>
                <line number="29" hits="1"/>
                <line number="30" hits="1"/>
                <line number="32" hits="0"/>
                <line number="33" hits="0"/>
                <line number="36" hits="1"/>
              </lines>
            </method>
          </methods>
          <lines>
            <line number="27" hits="1"/>
            <line number="28" hits="1"/>
            <line number="29" hits="1"/>
            <line number="30" hits="1"/>
            <line number="32" hits="0"/>
            <line number="33" hits="0"/>
            <line number="36" hits="1"/>
          </lines>
        </class>
      </classes>
    </package>
    <package name="ToolInfo/ToolExecutorInterface.php" line-rate="0" branch-rate="0" complexity="0">
      <classes/>
    </package>
    <package name="ToolInfo/ToolInfo.php" line-rate="1" branch-rate="0" complexity="1">
      <classes>
        <class name="ModelflowAi\Core\ToolInfo\ToolInfo" filename="ToolInfo/ToolInfo.php" line-rate="1" branch-rate="0" complexity="1">
          <methods>
            <method name="__construct" signature="ModelflowAi\Core\ToolInfo\ToolTypeEnum $type, string $name, string $description, array $parameters, array $requiredParameters" line-rate="1" branch-rate="0" complexity="1">
              <lines>
                <line number="32" hits="8"/>
              </lines>
            </method>
          </methods>
          <lines>
            <line number="32" hits="8"/>
          </lines>
        </class>
      </classes>
    </package>
    <package name="ToolInfo/ToolInfoBuilder.php" line-rate="0.8" branch-rate="0" complexity="8">
      <classes>
        <class name="ModelflowAi\Core\ToolInfo\ToolInfoBuilder" filename="ToolInfo/ToolInfoBuilder.php" line-rate="0.8" branch-rate="0" complexity="8">
          <methods>
            <method name="buildToolInfo" signature="object $instance, string $method, string $name, ModelflowAi\Core\ToolInfo\ToolTypeEnum $type" line-rate="0.95238095238095" branch-rate="0" complexity="6">
              <lines>
                <line number="27" hits="3"/>
                <line number="28" hits="3"/>
                <line number="30" hits="3"/>
                <line number="31" hits="3"/>
                <line number="33" hits="3"/>
                <line number="35" hits="3"/>
                <line number="37" hits="3"/>
                <line number="39" hits="3"/>
                <line number="41" hits="3"/>
                <line number="42" hits="3"/>
                <line number="43" hits="3"/>
                <line number="44" hits="3"/>
                <line number="45" hits="3"/>
                <line number="47" hits="3"/>
                <line number="48" hits="0"/>
                <line number="51" hits="3"/>
                <line number="52" hits="3"/>
                <line number="53" hits="3"/>
                <line number="58" hits="3"/>
                <line number="59" hits="3"/>
                <line number="61" hits="3"/>
              </lines>
            </method>
            <method name="getArrayType" signature="string $doc, string $paramName" line-rate="0" branch-rate="0" complexity="2">
              <lines>
                <line number="67" hits="0"/>
                <line number="68" hits="0"/>
                <line number="70" hits="0"/>
                <line number="74" hits="0"/>
              </lines>
            </method>
          </methods>
          <lines>
            <line number="27" hits="3"/>
            <line number="28" hits="3"/>
            <line number="30" hits="3"/>
            <line number="31" hits="3"/>
            <line number="33" hits="3"/>
            <line number="35" hits="3"/>
            <line number="37" hits="3"/>
            <line number="39" hits="3"/>
            <line number="41" hits="3"/>
            <line number="42" hits="3"/>
            <line number="43" hits="3"/>
            <line number="44" hits="3"/>
            <line number="45" hits="3"/>
            <line number="47" hits="3"/>
            <line number="48" hits="0"/>
            <line number="51" hits="3"/>
            <line number="52" hits="3"/>
            <line number="53" hits="3"/>
            <line number="58" hits="3"/>
            <line number="59" hits="3"/>
            <line number="61" hits="3"/>
            <line number="67" hits="0"/>
            <line number="68" hits="0"/>
            <line number="70" hits="0"/>
            <line number="74" hits="0"/>
          </lines>
        </class>
      </classes>
    </package>
    <package name="ToolInfo/ToolTypeEnum.php" line-rate="0" branch-rate="0" complexity="0">
      <classes/>
    </package>
    <package name="ToolInfo/Types.php" line-rate="1" branch-rate="0" complexity="2">
      <classes>
        <class name="ModelflowAi\Core\ToolInfo\Types" filename="ToolInfo/Types.php" line-rate="1" branch-rate="0" complexity="2">
          <methods>
            <method name="mapPhpTypeToJsonSchemaType" signature="ReflectionNamedType $reflectionType" line-rate="1" branch-rate="0" complexity="2">
              <lines>
                <line number="34" hits="9"/>
                <line number="36" hits="9"/>
                <line number="37" hits="1"/>
                <line number="40" hits="8"/>
              </lines>
            </method>
          </methods>
          <lines>
            <line number="34" hits="9"/>
            <line number="36" hits="9"/>
            <line number="37" hits="1"/>
            <line number="40" hits="8"/>
          </lines>
        </class>
      </classes>
    </package>
  </packages>
</coverage>
