<?xml version="1.0" encoding="UTF-8"?>
<!DOCTYPE coverage SYSTEM "http://cobertura.sourceforge.net/xml/coverage-04.dtd">
<coverage line-rate="0.94202898550725" branch-rate="0" lines-covered="195" lines-valid="207" branches-covered="0" branches-valid="0" complexity="66" version="0.4" timestamp="1715720041">
  <sources>
    <source>/Users/johannes/Development/ai/modelflow-ai/packages/mistral/src</source>
  </sources>
  <packages>
    <package name="Client.php" line-rate="1" branch-rate="0" complexity="3">
      <classes>
        <class name="ModelflowAi\Mistral\Client" filename="Client.php" line-rate="1" branch-rate="0" complexity="3">
          <methods>
            <method name="__construct" signature="ModelflowAi\ApiClient\Transport\TransportInterface $transport" line-rate="1" branch-rate="0" complexity="1">
              <lines>
                <line number="27" hits="6"/>
              </lines>
            </method>
            <method name="chat" signature="" line-rate="1" branch-rate="0" complexity="1">
              <lines>
                <line number="36" hits="2"/>
              </lines>
            </method>
            <method name="embeddings" signature="" line-rate="1" branch-rate="0" complexity="1">
              <lines>
                <line number="46" hits="2"/>
              </lines>
            </method>
          </methods>
          <lines>
            <line number="27" hits="6"/>
            <line number="36" hits="2"/>
            <line number="46" hits="2"/>
          </lines>
        </class>
      </classes>
    </package>
    <package name="ClientInterface.php" line-rate="0" branch-rate="0" complexity="0">
      <classes/>
    </package>
    <package name="Factory.php" line-rate="1" branch-rate="0" complexity="4">
      <classes>
        <class name="ModelflowAi\Mistral\Factory" filename="Factory.php" line-rate="1" branch-rate="0" complexity="4">
          <methods>
            <method name="withHttpClient" signature="Symfony\Contracts\HttpClient\HttpClientInterface $client" line-rate="1" branch-rate="0" complexity="1">
              <lines>
                <line number="30" hits="1"/>
                <line number="32" hits="1"/>
              </lines>
            </method>
            <method name="withBaseUrl" signature="string $baseUrl" line-rate="1" branch-rate="0" complexity="1">
              <lines>
                <line number="37" hits="1"/>
                <line number="39" hits="1"/>
              </lines>
            </method>
            <method name="withApiKey" signature="string $apiKey" line-rate="1" branch-rate="0" complexity="1">
              <lines>
                <line number="44" hits="3"/>
                <line number="46" hits="3"/>
              </lines>
            </method>
            <method name="make" signature="" line-rate="1" branch-rate="0" complexity="1">
              <lines>
                <line number="51" hits="2"/>
                <line number="52" hits="2"/>
                <line number="53" hits="2"/>
                <line number="55" hits="2"/>
              </lines>
            </method>
          </methods>
          <lines>
            <line number="30" hits="1"/>
            <line number="32" hits="1"/>
            <line number="37" hits="1"/>
            <line number="39" hits="1"/>
            <line number="44" hits="3"/>
            <line number="46" hits="3"/>
            <line number="51" hits="2"/>
            <line number="52" hits="2"/>
            <line number="53" hits="2"/>
            <line number="55" hits="2"/>
          </lines>
        </class>
      </classes>
    </package>
    <package name="Mistral.php" line-rate="0.8" branch-rate="0" complexity="3">
      <classes>
        <class name="ModelflowAi\Mistral\Mistral" filename="Mistral.php" line-rate="0.8" branch-rate="0" complexity="3">
          <methods>
            <method name="__construct" signature="" line-rate="0" branch-rate="0" complexity="1">
              <lines>
                <line number="20" hits="0"/>
              </lines>
            </method>
            <method name="client" signature="string $apiKey" line-rate="1" branch-rate="0" complexity="1">
              <lines>
                <line number="24" hits="1"/>
                <line number="25" hits="1"/>
                <line number="26" hits="1"/>
              </lines>
            </method>
            <method name="factory" signature="" line-rate="1" branch-rate="0" complexity="1">
              <lines>
                <line number="31" hits="2"/>
              </lines>
            </method>
          </methods>
          <lines>
            <line number="20" hits="0"/>
            <line number="24" hits="1"/>
            <line number="25" hits="1"/>
            <line number="26" hits="1"/>
            <line number="31" hits="2"/>
          </lines>
        </class>
      </classes>
    </package>
    <package name="Model.php" line-rate="1" branch-rate="0" complexity="2">
      <classes>
        <class name="ModelflowAi\Mistral\Model" filename="Model.php" line-rate="1" branch-rate="0" complexity="2">
          <methods>
            <method name="jsonSupported" signature="" line-rate="1" branch-rate="0" complexity="1">
              <lines>
                <line number="26" hits="7"/>
              </lines>
            </method>
            <method name="toolsSupported" signature="" line-rate="1" branch-rate="0" complexity="1">
              <lines>
                <line number="31" hits="9"/>
              </lines>
            </method>
          </methods>
          <lines>
            <line number="26" hits="7"/>
            <line number="31" hits="9"/>
          </lines>
        </class>
      </classes>
    </package>
    <package name="Resources/Chat.php" line-rate="0.87323943661972" branch-rate="0" complexity="23">
      <classes>
        <class name="ModelflowAi\Mistral\Resources\Chat" filename="Resources/Chat.php" line-rate="0.87323943661972" branch-rate="0" complexity="23">
          <methods>
            <method name="__construct" signature="ModelflowAi\ApiClient\Transport\TransportInterface $transport" line-rate="1" branch-rate="0" complexity="1">
              <lines>
                <line number="32" hits="15"/>
              </lines>
            </method>
            <method name="create" signature="array $parameters" line-rate="1" branch-rate="0" complexity="1">
              <lines>
                <line number="36" hits="9"/>
                <line number="37" hits="8"/>
                <line number="39" hits="4"/>
                <line number="41" hits="4"/>
                <line number="44" hits="4"/>
              </lines>
            </method>
            <method name="createStreamed" signature="array $parameters" line-rate="0.4375" branch-rate="0" complexity="5">
              <lines>
                <line number="49" hits="5"/>
                <line number="50" hits="2"/>
                <line number="52" hits="2"/>
                <line number="54" hits="2"/>
                <line number="55" hits="0"/>
                <line number="57" hits="0"/>
                <line number="58" hits="0"/>
                <line number="59" hits="0"/>
                <line number="60" hits="0"/>
                <line number="63" hits="0"/>
                <line number="64" hits="0"/>
                <line number="65" hits="0"/>
                <line number="68" hits="0"/>
                <line number="70" hits="2"/>
                <line number="72" hits="2"/>
                <line number="74" hits="2"/>
              </lines>
            </method>
            <method name="validateParameters" signature="array $parameters" line-rate="1" branch-rate="0" complexity="16">
              <lines>
                <line number="83" hits="13"/>
                <line number="84" hits="11"/>
                <line number="86" hits="11"/>
                <line number="87" hits="9"/>
                <line number="88" hits="9"/>
                <line number="89" hits="9"/>
                <line number="90" hits="9"/>
                <line number="91" hits="9"/>
                <line number="92" hits="9"/>
                <line number="93" hits="9"/>
                <line number="96" hits="9"/>
                <line number="97" hits="6"/>
                <line number="98" hits="4"/>
                <line number="100" hits="3"/>
                <line number="101" hits="2"/>
                <line number="102" hits="2"/>
                <line number="104" hits="3"/>
                <line number="105" hits="2"/>
                <line number="106" hits="2"/>
                <line number="107" hits="2"/>
                <line number="108" hits="2"/>
                <line number="109" hits="2"/>
                <line number="110" hits="2"/>
                <line number="111" hits="2"/>
                <line number="112" hits="2"/>
                <line number="114" hits="2"/>
                <line number="115" hits="2"/>
                <line number="118" hits="2"/>
                <line number="119" hits="2"/>
                <line number="125" hits="7"/>
                <line number="126" hits="7"/>
                <line number="127" hits="7"/>
                <line number="129" hits="7"/>
                <line number="130" hits="7"/>
                <line number="131" hits="7"/>
                <line number="133" hits="7"/>
                <line number="134" hits="7"/>
                <line number="135" hits="7"/>
                <line number="137" hits="7"/>
                <line number="138" hits="7"/>
                <line number="140" hits="7"/>
                <line number="141" hits="7"/>
                <line number="144" hits="7"/>
                <line number="145" hits="4"/>
                <line number="146" hits="3"/>
                <line number="147" hits="1"/>
                <line number="148" hits="1"/>
                <line number="149" hits="1"/>
                <line number="150" hits="1"/>
              </lines>
            </method>
          </methods>
          <lines>
            <line number="32" hits="15"/>
            <line number="36" hits="9"/>
            <line number="37" hits="8"/>
            <line number="39" hits="4"/>
            <line number="41" hits="4"/>
            <line number="44" hits="4"/>
            <line number="49" hits="5"/>
            <line number="50" hits="2"/>
            <line number="52" hits="2"/>
            <line number="54" hits="2"/>
            <line number="55" hits="0"/>
            <line number="57" hits="0"/>
            <line number="58" hits="0"/>
            <line number="59" hits="0"/>
            <line number="60" hits="0"/>
            <line number="63" hits="0"/>
            <line number="64" hits="0"/>
            <line number="65" hits="0"/>
            <line number="68" hits="0"/>
            <line number="70" hits="2"/>
            <line number="72" hits="2"/>
            <line number="74" hits="2"/>
            <line number="83" hits="13"/>
            <line number="84" hits="11"/>
            <line number="86" hits="11"/>
            <line number="87" hits="9"/>
            <line number="88" hits="9"/>
            <line number="89" hits="9"/>
            <line number="90" hits="9"/>
            <line number="91" hits="9"/>
            <line number="92" hits="9"/>
            <line number="93" hits="9"/>
            <line number="96" hits="9"/>
            <line number="97" hits="6"/>
            <line number="98" hits="4"/>
            <line number="100" hits="3"/>
            <line number="101" hits="2"/>
            <line number="102" hits="2"/>
            <line number="104" hits="3"/>
            <line number="105" hits="2"/>
            <line number="106" hits="2"/>
            <line number="107" hits="2"/>
            <line number="108" hits="2"/>
            <line number="109" hits="2"/>
            <line number="110" hits="2"/>
            <line number="111" hits="2"/>
            <line number="112" hits="2"/>
            <line number="114" hits="2"/>
            <line number="115" hits="2"/>
            <line number="118" hits="2"/>
            <line number="119" hits="2"/>
            <line number="125" hits="7"/>
            <line number="126" hits="7"/>
            <line number="127" hits="7"/>
            <line number="129" hits="7"/>
            <line number="130" hits="7"/>
            <line number="131" hits="7"/>
            <line number="133" hits="7"/>
            <line number="134" hits="7"/>
            <line number="135" hits="7"/>
            <line number="137" hits="7"/>
            <line number="138" hits="7"/>
            <line number="140" hits="7"/>
            <line number="141" hits="7"/>
            <line number="144" hits="7"/>
            <line number="145" hits="4"/>
            <line number="146" hits="3"/>
            <line number="147" hits="1"/>
            <line number="148" hits="1"/>
            <line number="149" hits="1"/>
            <line number="150" hits="1"/>
          </lines>
        </class>
      </classes>
    </package>
    <package name="Resources/ChatInterface.php" line-rate="0" branch-rate="0" complexity="0">
      <classes/>
    </package>
    <package name="Resources/Embeddings.php" line-rate="0.88235294117647" branch-rate="0" complexity="6">
      <classes>
        <class name="ModelflowAi\Mistral\Resources\Embeddings" filename="Resources/Embeddings.php" line-rate="0.88235294117647" branch-rate="0" complexity="6">
          <methods>
            <method name="__construct" signature="ModelflowAi\ApiClient\Transport\TransportInterface $transport" line-rate="1" branch-rate="0" complexity="1">
              <lines>
                <line number="27" hits="5"/>
              </lines>
            </method>
            <method name="create" signature="array $parameters" line-rate="1" branch-rate="0" complexity="1">
              <lines>
                <line number="31" hits="4"/>
                <line number="32" hits="3"/>
                <line number="33" hits="3"/>
                <line number="35" hits="3"/>
                <line number="37" hits="3"/>
                <line number="40" hits="3"/>
              </lines>
            </method>
            <method name="validateParameters" signature="array $parameters" line-rate="0.8" branch-rate="0" complexity="4">
              <lines>
                <line number="48" hits="4"/>
                <line number="50" hits="4"/>
                <line number="51" hits="3"/>
                <line number="54" hits="4"/>
                <line number="55" hits="3"/>
                <line number="56" hits="3"/>
                <line number="57" hits="3"/>
                <line number="60" hits="3"/>
                <line number="61" hits="0"/>
                <line number="62" hits="0"/>
              </lines>
            </method>
          </methods>
          <lines>
            <line number="27" hits="5"/>
            <line number="31" hits="4"/>
            <line number="32" hits="3"/>
            <line number="33" hits="3"/>
            <line number="35" hits="3"/>
            <line number="37" hits="3"/>
            <line number="40" hits="3"/>
            <line number="48" hits="4"/>
            <line number="50" hits="4"/>
            <line number="51" hits="3"/>
            <line number="54" hits="4"/>
            <line number="55" hits="3"/>
            <line number="56" hits="3"/>
            <line number="57" hits="3"/>
            <line number="60" hits="3"/>
            <line number="61" hits="0"/>
            <line number="62" hits="0"/>
          </lines>
        </class>
      </classes>
    </package>
    <package name="Resources/EmbeddingsInterface.php" line-rate="0" branch-rate="0" complexity="0">
      <classes/>
    </package>
    <package name="Responses/Chat/CreateResponse.php" line-rate="1" branch-rate="0" complexity="2">
      <classes>
        <class name="ModelflowAi\Mistral\Responses\Chat\CreateResponse" filename="Responses/Chat/CreateResponse.php" line-rate="1" branch-rate="0" complexity="2">
          <methods>
            <method name="__construct" signature="string $id, string $object, int $created, string $model, array $choices, ModelflowAi\ApiClient\Responses\Usage $usage, ModelflowAi\ApiClient\Responses\MetaInformation $meta" line-rate="1" branch-rate="0" complexity="1">
              <lines>
                <line number="33" hits="6"/>
              </lines>
            </method>
            <method name="from" signature="array $attributes, ModelflowAi\ApiClient\Responses\MetaInformation $meta" line-rate="1" branch-rate="0" complexity="1">
              <lines>
                <line number="58" hits="6"/>
                <line number="59" hits="6"/>
                <line number="60" hits="6"/>
                <line number="62" hits="6"/>
                <line number="63" hits="6"/>
                <line number="64" hits="6"/>
                <line number="65" hits="6"/>
                <line number="66" hits="6"/>
                <line number="67" hits="6"/>
                <line number="68" hits="6"/>
                <line number="69" hits="6"/>
                <line number="70" hits="6"/>
              </lines>
            </method>
          </methods>
          <lines>
            <line number="33" hits="6"/>
            <line number="58" hits="6"/>
            <line number="59" hits="6"/>
            <line number="60" hits="6"/>
            <line number="62" hits="6"/>
            <line number="63" hits="6"/>
            <line number="64" hits="6"/>
            <line number="65" hits="6"/>
            <line number="66" hits="6"/>
            <line number="67" hits="6"/>
            <line number="68" hits="6"/>
            <line number="69" hits="6"/>
            <line number="70" hits="6"/>
          </lines>
        </class>
      </classes>
    </package>
    <package name="Responses/Chat/CreateResponseChoice.php" line-rate="1" branch-rate="0" complexity="2">
      <classes>
        <class name="ModelflowAi\Mistral\Responses\Chat\CreateResponseChoice" filename="Responses/Chat/CreateResponseChoice.php" line-rate="1" branch-rate="0" complexity="2">
          <methods>
            <method name="__construct" signature="int $index, ModelflowAi\Mistral\Responses\Chat\CreateResponseMessage $message, ?string $finishReason" line-rate="1" branch-rate="0" complexity="1">
              <lines>
                <line number="23" hits="7"/>
              </lines>
            </method>
            <method name="from" signature="array $attributes" line-rate="1" branch-rate="0" complexity="1">
              <lines>
                <line number="37" hits="7"/>
                <line number="38" hits="7"/>
                <line number="39" hits="7"/>
                <line number="40" hits="7"/>
                <line number="41" hits="7"/>
              </lines>
            </method>
          </methods>
          <lines>
            <line number="23" hits="7"/>
            <line number="37" hits="7"/>
            <line number="38" hits="7"/>
            <line number="39" hits="7"/>
            <line number="40" hits="7"/>
            <line number="41" hits="7"/>
          </lines>
        </class>
      </classes>
    </package>
    <package name="Responses/Chat/CreateResponseMessage.php" line-rate="1" branch-rate="0" complexity="2">
      <classes>
        <class name="ModelflowAi\Mistral\Responses\Chat\CreateResponseMessage" filename="Responses/Chat/CreateResponseMessage.php" line-rate="1" branch-rate="0" complexity="2">
          <methods>
            <method name="__construct" signature="string $role, ?string $content, array $toolCalls" line-rate="1" branch-rate="0" complexity="1">
              <lines>
                <line number="26" hits="8"/>
              </lines>
            </method>
            <method name="from" signature="array $attributes" line-rate="1" branch-rate="0" complexity="1">
              <lines>
                <line number="44" hits="8"/>
                <line number="45" hits="8"/>
                <line number="46" hits="8"/>
                <line number="47" hits="8"/>
                <line number="49" hits="8"/>
                <line number="50" hits="8"/>
                <line number="51" hits="8"/>
                <line number="52" hits="8"/>
                <line number="53" hits="8"/>
              </lines>
            </method>
          </methods>
          <lines>
            <line number="26" hits="8"/>
            <line number="44" hits="8"/>
            <line number="45" hits="8"/>
            <line number="46" hits="8"/>
            <line number="47" hits="8"/>
            <line number="49" hits="8"/>
            <line number="50" hits="8"/>
            <line number="51" hits="8"/>
            <line number="52" hits="8"/>
            <line number="53" hits="8"/>
          </lines>
        </class>
      </classes>
    </package>
    <package name="Responses/Chat/CreateResponseToolCall.php" line-rate="1" branch-rate="0" complexity="2">
      <classes>
        <class name="ModelflowAi\Mistral\Responses\Chat\CreateResponseToolCall" filename="Responses/Chat/CreateResponseToolCall.php" line-rate="1" branch-rate="0" complexity="2">
          <methods>
            <method name="__construct" signature="string $id, string $type, ModelflowAi\Mistral\Responses\Chat\CreateResponseToolCallFunction $function" line-rate="1" branch-rate="0" complexity="1">
              <lines>
                <line number="23" hits="4"/>
              </lines>
            </method>
            <method name="from" signature="int $index, array $attributes" line-rate="1" branch-rate="0" complexity="1">
              <lines>
                <line number="37" hits="4"/>
                <line number="38" hits="4"/>
                <line number="39" hits="4"/>
                <line number="40" hits="4"/>
                <line number="41" hits="4"/>
              </lines>
            </method>
          </methods>
          <lines>
            <line number="23" hits="4"/>
            <line number="37" hits="4"/>
            <line number="38" hits="4"/>
            <line number="39" hits="4"/>
            <line number="40" hits="4"/>
            <line number="41" hits="4"/>
          </lines>
        </class>
      </classes>
    </package>
    <package name="Responses/Chat/CreateResponseToolCallFunction.php" line-rate="1" branch-rate="0" complexity="2">
      <classes>
        <class name="ModelflowAi\Mistral\Responses\Chat\CreateResponseToolCallFunction" filename="Responses/Chat/CreateResponseToolCallFunction.php" line-rate="1" branch-rate="0" complexity="2">
          <methods>
            <method name="__construct" signature="string $name, string $arguments" line-rate="1" branch-rate="0" complexity="1">
              <lines>
                <line number="22" hits="5"/>
              </lines>
            </method>
            <method name="from" signature="array $attributes" line-rate="1" branch-rate="0" complexity="1">
              <lines>
                <line number="32" hits="5"/>
                <line number="33" hits="5"/>
                <line number="34" hits="5"/>
                <line number="35" hits="5"/>
              </lines>
            </method>
          </methods>
          <lines>
            <line number="22" hits="5"/>
            <line number="32" hits="5"/>
            <line number="33" hits="5"/>
            <line number="34" hits="5"/>
            <line number="35" hits="5"/>
          </lines>
        </class>
      </classes>
    </package>
    <package name="Responses/Chat/CreateStreamedResponse.php" line-rate="1" branch-rate="0" complexity="3">
      <classes>
        <class name="ModelflowAi\Mistral\Responses\Chat\CreateStreamedResponse" filename="Responses/Chat/CreateStreamedResponse.php" line-rate="1" branch-rate="0" complexity="3">
          <methods>
            <method name="__construct" signature="string $id, string $object, int $created, string $model, int $index, array $choices, ?ModelflowAi\ApiClient\Responses\Usage $usage, ModelflowAi\ApiClient\Responses\MetaInformation $meta" line-rate="1" branch-rate="0" complexity="1">
              <lines>
                <line number="34" hits="3"/>
              </lines>
            </method>
            <method name="from" signature="int $index, array $attributes, ModelflowAi\ApiClient\Responses\MetaInformation $meta" line-rate="1" branch-rate="0" complexity="2">
              <lines>
                <line number="59" hits="3"/>
                <line number="60" hits="3"/>
                <line number="61" hits="3"/>
                <line number="63" hits="3"/>
                <line number="64" hits="3"/>
                <line number="65" hits="3"/>
                <line number="66" hits="3"/>
                <line number="67" hits="3"/>
                <line number="68" hits="3"/>
                <line number="69" hits="3"/>
                <line number="70" hits="3"/>
                <line number="71" hits="3"/>
                <line number="72" hits="3"/>
              </lines>
            </method>
          </methods>
          <lines>
            <line number="34" hits="3"/>
            <line number="59" hits="3"/>
            <line number="60" hits="3"/>
            <line number="61" hits="3"/>
            <line number="63" hits="3"/>
            <line number="64" hits="3"/>
            <line number="65" hits="3"/>
            <line number="66" hits="3"/>
            <line number="67" hits="3"/>
            <line number="68" hits="3"/>
            <line number="69" hits="3"/>
            <line number="70" hits="3"/>
            <line number="71" hits="3"/>
            <line number="72" hits="3"/>
          </lines>
        </class>
      </classes>
    </package>
    <package name="Responses/Chat/CreateStreamedResponseChoice.php" line-rate="1" branch-rate="0" complexity="2">
      <classes>
        <class name="ModelflowAi\Mistral\Responses\Chat\CreateStreamedResponseChoice" filename="Responses/Chat/CreateStreamedResponseChoice.php" line-rate="1" branch-rate="0" complexity="2">
          <methods>
            <method name="__construct" signature="int $index, ModelflowAi\Mistral\Responses\Chat\CreateStreamedResponseDelta $delta, ?string $finishReason" line-rate="1" branch-rate="0" complexity="1">
              <lines>
                <line number="23" hits="4"/>
              </lines>
            </method>
            <method name="from" signature="array $attributes" line-rate="1" branch-rate="0" complexity="1">
              <lines>
                <line number="37" hits="4"/>
                <line number="38" hits="4"/>
                <line number="39" hits="4"/>
                <line number="40" hits="4"/>
                <line number="41" hits="4"/>
              </lines>
            </method>
          </methods>
          <lines>
            <line number="23" hits="4"/>
            <line number="37" hits="4"/>
            <line number="38" hits="4"/>
            <line number="39" hits="4"/>
            <line number="40" hits="4"/>
            <line number="41" hits="4"/>
          </lines>
        </class>
      </classes>
    </package>
    <package name="Responses/Chat/CreateStreamedResponseDelta.php" line-rate="1" branch-rate="0" complexity="2">
      <classes>
        <class name="ModelflowAi\Mistral\Responses\Chat\CreateStreamedResponseDelta" filename="Responses/Chat/CreateStreamedResponseDelta.php" line-rate="1" branch-rate="0" complexity="2">
          <methods>
            <method name="__construct" signature="?string $role, ?string $content, array $toolCalls" line-rate="1" branch-rate="0" complexity="1">
              <lines>
                <line number="26" hits="6"/>
              </lines>
            </method>
            <method name="from" signature="array $attributes" line-rate="1" branch-rate="0" complexity="1">
              <lines>
                <line number="44" hits="6"/>
                <line number="45" hits="6"/>
                <line number="46" hits="6"/>
                <line number="47" hits="6"/>
                <line number="49" hits="6"/>
                <line number="50" hits="6"/>
                <line number="51" hits="6"/>
                <line number="52" hits="6"/>
                <line number="53" hits="6"/>
              </lines>
            </method>
          </methods>
          <lines>
            <line number="26" hits="6"/>
            <line number="44" hits="6"/>
            <line number="45" hits="6"/>
            <line number="46" hits="6"/>
            <line number="47" hits="6"/>
            <line number="49" hits="6"/>
            <line number="50" hits="6"/>
            <line number="51" hits="6"/>
            <line number="52" hits="6"/>
            <line number="53" hits="6"/>
          </lines>
        </class>
      </classes>
    </package>
    <package name="Responses/Chat/CreateStreamedResponseToolCall.php" line-rate="1" branch-rate="0" complexity="2">
      <classes>
        <class name="ModelflowAi\Mistral\Responses\Chat\CreateStreamedResponseToolCall" filename="Responses/Chat/CreateStreamedResponseToolCall.php" line-rate="1" branch-rate="0" complexity="2">
          <methods>
            <method name="__construct" signature="string $id, string $type, ModelflowAi\Mistral\Responses\Chat\CreateStreamedResponseToolCallFunction $function" line-rate="1" branch-rate="0" complexity="1">
              <lines>
                <line number="23" hits="3"/>
              </lines>
            </method>
            <method name="from" signature="int $index, array $attributes" line-rate="1" branch-rate="0" complexity="1">
              <lines>
                <line number="37" hits="3"/>
                <line number="38" hits="3"/>
                <line number="39" hits="3"/>
                <line number="40" hits="3"/>
                <line number="41" hits="3"/>
              </lines>
            </method>
          </methods>
          <lines>
            <line number="23" hits="3"/>
            <line number="37" hits="3"/>
            <line number="38" hits="3"/>
            <line number="39" hits="3"/>
            <line number="40" hits="3"/>
            <line number="41" hits="3"/>
          </lines>
        </class>
      </classes>
    </package>
    <package name="Responses/Chat/CreateStreamedResponseToolCallFunction.php" line-rate="1" branch-rate="0" complexity="2">
      <classes>
        <class name="ModelflowAi\Mistral\Responses\Chat\CreateStreamedResponseToolCallFunction" filename="Responses/Chat/CreateStreamedResponseToolCallFunction.php" line-rate="1" branch-rate="0" complexity="2">
          <methods>
            <method name="__construct" signature="string $name, string $arguments" line-rate="1" branch-rate="0" complexity="1">
              <lines>
                <line number="22" hits="4"/>
              </lines>
            </method>
            <method name="from" signature="array $attributes" line-rate="1" branch-rate="0" complexity="1">
              <lines>
                <line number="32" hits="4"/>
                <line number="33" hits="4"/>
                <line number="34" hits="4"/>
                <line number="35" hits="4"/>
              </lines>
            </method>
          </methods>
          <lines>
            <line number="22" hits="4"/>
            <line number="32" hits="4"/>
            <line number="33" hits="4"/>
            <line number="34" hits="4"/>
            <line number="35" hits="4"/>
          </lines>
        </class>
      </classes>
    </package>
    <package name="Responses/Embeddings/CreateResponse.php" line-rate="1" branch-rate="0" complexity="2">
      <classes>
        <class name="ModelflowAi\Mistral\Responses\Embeddings\CreateResponse" filename="Responses/Embeddings/CreateResponse.php" line-rate="1" branch-rate="0" complexity="2">
          <methods>
            <method name="__construct" signature="string $id, string $object, array $data, string $model, ModelflowAi\ApiClient\Responses\Usage $usage, ModelflowAi\ApiClient\Responses\MetaInformation $meta" line-rate="1" branch-rate="0" complexity="1">
              <lines>
                <line number="32" hits="4"/>
              </lines>
            </method>
            <method name="from" signature="array $attributes, ModelflowAi\ApiClient\Responses\MetaInformation $meta" line-rate="1" branch-rate="0" complexity="1">
              <lines>
                <line number="53" hits="4"/>
                <line number="54" hits="4"/>
                <line number="55" hits="4"/>
                <line number="57" hits="4"/>
                <line number="58" hits="4"/>
                <line number="59" hits="4"/>
                <line number="60" hits="4"/>
                <line number="61" hits="4"/>
                <line number="62" hits="4"/>
                <line number="63" hits="4"/>
                <line number="64" hits="4"/>
              </lines>
            </method>
          </methods>
          <lines>
            <line number="32" hits="4"/>
            <line number="53" hits="4"/>
            <line number="54" hits="4"/>
            <line number="55" hits="4"/>
            <line number="57" hits="4"/>
            <line number="58" hits="4"/>
            <line number="59" hits="4"/>
            <line number="60" hits="4"/>
            <line number="61" hits="4"/>
            <line number="62" hits="4"/>
            <line number="63" hits="4"/>
            <line number="64" hits="4"/>
          </lines>
        </class>
      </classes>
    </package>
    <package name="Responses/Embeddings/CreateResponseData.php" line-rate="1" branch-rate="0" complexity="2">
      <classes>
        <class name="ModelflowAi\Mistral\Responses\Embeddings\CreateResponseData" filename="Responses/Embeddings/CreateResponseData.php" line-rate="1" branch-rate="0" complexity="2">
          <methods>
            <method name="__construct" signature="string $object, array $embedding, int $index" line-rate="1" branch-rate="0" complexity="1">
              <lines>
                <line number="26" hits="5"/>
              </lines>
            </method>
            <method name="from" signature="array $attributes" line-rate="1" branch-rate="0" complexity="1">
              <lines>
                <line number="37" hits="5"/>
                <line number="38" hits="5"/>
                <line number="39" hits="5"/>
                <line number="40" hits="5"/>
                <line number="41" hits="5"/>
              </lines>
            </method>
          </methods>
          <lines>
            <line number="26" hits="5"/>
            <line number="37" hits="5"/>
            <line number="38" hits="5"/>
            <line number="39" hits="5"/>
            <line number="40" hits="5"/>
            <line number="41" hits="5"/>
          </lines>
        </class>
      </classes>
    </package>
  </packages>
</coverage>
