<?xml version="1.0" encoding="UTF-8"?>
<!DOCTYPE coverage SYSTEM "http://cobertura.sourceforge.net/xml/coverage-04.dtd">
<coverage line-rate="1" branch-rate="0" lines-covered="39" lines-valid="39" branches-covered="0" branches-valid="0" complexity="18" version="0.4" timestamp="1715720036">
  <sources>
    <source>/Users/johannes/Development/ai/modelflow-ai/packages/experts/src</source>
  </sources>
  <packages>
    <package name="Expert.php" line-rate="1" branch-rate="0" complexity="1">
      <classes>
        <class name="ModelflowAi\Experts\Expert" filename="Expert.php" line-rate="1" branch-rate="0" complexity="1">
          <methods>
            <method name="__construct" signature="string $name, string $description, string $instructions, array $criteria, ?ModelflowAi\Experts\ResponseFormat\ResponseFormatInterface $responseFormat" line-rate="1" branch-rate="0" complexity="1">
              <lines>
                <line number="31" hits="7"/>
              </lines>
            </method>
          </methods>
          <lines>
            <line number="31" hits="7"/>
          </lines>
        </class>
      </classes>
    </package>
    <package name="ResponseFormat/JsonSchemaResponseFormat.php" line-rate="1" branch-rate="0" complexity="7">
      <classes>
        <class name="ModelflowAi\Experts\ResponseFormat\JsonSchemaResponseFormat" filename="ResponseFormat/JsonSchemaResponseFormat.php" line-rate="1" branch-rate="0" complexity="7">
          <methods>
            <method name="__construct" signature="array $schema" line-rate="1" branch-rate="0" complexity="1">
              <lines>
                <line number="27" hits="3"/>
              </lines>
            </method>
            <method name="format" signature="" line-rate="1" branch-rate="0" complexity="6">
              <lines>
                <line number="31" hits="2"/>
                <line number="32" hits="2"/>
                <line number="33" hits="2"/>
                <line number="36" hits="2"/>
                <line number="37" hits="2"/>
                <line number="38" hits="2"/>
                <line number="39" hits="2"/>
                <line number="40" hits="2"/>
                <line number="41" hits="2"/>
                <line number="43" hits="2"/>
                <line number="44" hits="2"/>
                <line number="46" hits="2"/>
                <line number="50" hits="2"/>
                <line number="51" hits="2"/>
                <line number="54" hits="2"/>
                <line number="56" hits="2"/>
              </lines>
            </method>
          </methods>
          <lines>
            <line number="27" hits="3"/>
            <line number="31" hits="2"/>
            <line number="32" hits="2"/>
            <line number="33" hits="2"/>
            <line number="36" hits="2"/>
            <line number="37" hits="2"/>
            <line number="38" hits="2"/>
            <line number="39" hits="2"/>
            <line number="40" hits="2"/>
            <line number="41" hits="2"/>
            <line number="43" hits="2"/>
            <line number="44" hits="2"/>
            <line number="46" hits="2"/>
            <line number="50" hits="2"/>
            <line number="51" hits="2"/>
            <line number="54" hits="2"/>
            <line number="56" hits="2"/>
          </lines>
        </class>
      </classes>
    </package>
    <package name="ResponseFormat/ResponseFormatInterface.php" line-rate="0" branch-rate="0" complexity="0">
      <classes/>
    </package>
    <package name="Thread.php" line-rate="1" branch-rate="0" complexity="8">
      <classes>
        <class name="ModelflowAi\Experts\Thread" filename="Thread.php" line-rate="1" branch-rate="0" complexity="8">
          <methods>
            <method name="__construct" signature="ModelflowAi\Core\AIRequestHandlerInterface $requestHandler, ModelflowAi\Experts\Expert $expert" line-rate="1" branch-rate="0" complexity="1">
              <lines>
                <line number="37" hits="5"/>
              </lines>
            </method>
            <method name="addContext" signature="string $key, mixed $data" line-rate="1" branch-rate="0" complexity="1">
              <lines>
                <line number="41" hits="2"/>
                <line number="43" hits="2"/>
              </lines>
            </method>
            <method name="addMessage" signature="ModelflowAi\Core\Request\Message\AIChatMessage $message" line-rate="1" branch-rate="0" complexity="1">
              <lines>
                <line number="48" hits="1"/>
                <line number="50" hits="1"/>
              </lines>
            </method>
            <method name="addMessages" signature="array $messages" line-rate="1" branch-rate="0" complexity="1">
              <lines>
                <line number="58" hits="1"/>
                <line number="60" hits="1"/>
              </lines>
            </method>
            <method name="run" signature="" line-rate="1" branch-rate="0" complexity="4">
              <lines>
                <line number="66" hits="4"/>
                <line number="67" hits="4"/>
                <line number="68" hits="4"/>
                <line number="69" hits="4"/>
                <line number="71" hits="4"/>
                <line number="72" hits="1"/>
                <line number="75" hits="4"/>
                <line number="76" hits="2"/>
                <line number="79" hits="4"/>
                <line number="80" hits="1"/>
                <line number="83" hits="4"/>
                <line number="84" hits="4"/>
              </lines>
            </method>
          </methods>
          <lines>
            <line number="37" hits="5"/>
            <line number="41" hits="2"/>
            <line number="43" hits="2"/>
            <line number="48" hits="1"/>
            <line number="50" hits="1"/>
            <line number="58" hits="1"/>
            <line number="60" hits="1"/>
            <line number="66" hits="4"/>
            <line number="67" hits="4"/>
            <line number="68" hits="4"/>
            <line number="69" hits="4"/>
            <line number="71" hits="4"/>
            <line number="72" hits="1"/>
            <line number="75" hits="4"/>
            <line number="76" hits="2"/>
            <line number="79" hits="4"/>
            <line number="80" hits="1"/>
            <line number="83" hits="4"/>
            <line number="84" hits="4"/>
          </lines>
        </class>
      </classes>
    </package>
    <package name="ThreadFactory.php" line-rate="1" branch-rate="0" complexity="2">
      <classes>
        <class name="ModelflowAi\Experts\ThreadFactory" filename="ThreadFactory.php" line-rate="1" branch-rate="0" complexity="2">
          <methods>
            <method name="__construct" signature="ModelflowAi\Core\AIRequestHandlerInterface $requestHandler" line-rate="1" branch-rate="0" complexity="1">
              <lines>
                <line number="23" hits="1"/>
              </lines>
            </method>
            <method name="createThread" signature="ModelflowAi\Experts\Expert $expert" line-rate="1" branch-rate="0" complexity="1">
              <lines>
                <line number="27" hits="1"/>
              </lines>
            </method>
          </methods>
          <lines>
            <line number="23" hits="1"/>
            <line number="27" hits="1"/>
          </lines>
        </class>
      </classes>
    </package>
    <package name="ThreadFactoryInterface.php" line-rate="0" branch-rate="0" complexity="0">
      <classes/>
    </package>
    <package name="ThreadInterface.php" line-rate="0" branch-rate="0" complexity="0">
      <classes/>
    </package>
  </packages>
</coverage>
