<?xml version="1.0" encoding="UTF-8"?>
<!DOCTYPE coverage SYSTEM "http://cobertura.sourceforge.net/xml/coverage-04.dtd">
<coverage line-rate="0" branch-rate="0" lines-covered="0" lines-valid="38" branches-covered="0" branches-valid="0" complexity="7" version="0.4" timestamp="1715720017">
  <sources>
    <source>/Users/johannes/Development/ai/modelflow-ai/projects/readme-generator/src/Command</source>
  </sources>
  <packages>
    <package name="GenerateCommand.php" line-rate="0" branch-rate="0" complexity="7">
      <classes>
        <class name="App\Command\GenerateCommand" filename="GenerateCommand.php" line-rate="0" branch-rate="0" complexity="7">
          <methods>
            <method name="__construct" signature="Twig\Environment $twig" line-rate="0" branch-rate="0" complexity="1">
              <lines>
                <line number="29" hits="0"/>
              </lines>
            </method>
            <method name="configure" signature="" line-rate="0" branch-rate="0" complexity="1">
              <lines>
                <line number="34" hits="0"/>
              </lines>
            </method>
            <method name="execute" signature="Symfony\Component\Console\Input\InputInterface $input, Symfony\Component\Console\Output\OutputInterface $output" line-rate="0" branch-rate="0" complexity="5">
              <lines>
                <line number="39" hits="0"/>
                <line number="40" hits="0"/>
                <line number="42" hits="0"/>
                <line number="43" hits="0"/>
                <line number="44" hits="0"/>
                <line number="45" hits="0"/>
                <line number="48" hits="0"/>
                <line number="50" hits="0"/>
                <line number="51" hits="0"/>
                <line number="52" hits="0"/>
                <line number="53" hits="0"/>
                <line number="56" hits="0"/>
                <line number="57" hits="0"/>
                <line number="58" hits="0"/>
                <line number="66" hits="0"/>
                <line number="67" hits="0"/>
                <line number="68" hits="0"/>
                <line number="70" hits="0"/>
                <line number="71" hits="0"/>
                <line number="73" hits="0"/>
                <line number="74" hits="0"/>
                <line number="76" hits="0"/>
                <line number="78" hits="0"/>
                <line number="81" hits="0"/>
                <line number="88" hits="0"/>
                <line number="89" hits="0"/>
                <line number="90" hits="0"/>
                <line number="91" hits="0"/>
                <line number="93" hits="0"/>
                <line number="95" hits="0"/>
                <line number="102" hits="0"/>
                <line number="103" hits="0"/>
                <line number="104" hits="0"/>
                <line number="105" hits="0"/>
                <line number="107" hits="0"/>
                <line number="109" hits="0"/>
              </lines>
            </method>
          </methods>
          <lines>
            <line number="29" hits="0"/>
            <line number="34" hits="0"/>
            <line number="39" hits="0"/>
            <line number="40" hits="0"/>
            <line number="42" hits="0"/>
            <line number="43" hits="0"/>
            <line number="44" hits="0"/>
            <line number="45" hits="0"/>
            <line number="48" hits="0"/>
            <line number="50" hits="0"/>
            <line number="51" hits="0"/>
            <line number="52" hits="0"/>
            <line number="53" hits="0"/>
            <line number="56" hits="0"/>
            <line number="57" hits="0"/>
            <line number="58" hits="0"/>
            <line number="66" hits="0"/>
            <line number="67" hits="0"/>
            <line number="68" hits="0"/>
            <line number="70" hits="0"/>
            <line number="71" hits="0"/>
            <line number="73" hits="0"/>
            <line number="74" hits="0"/>
            <line number="76" hits="0"/>
            <line number="78" hits="0"/>
            <line number="81" hits="0"/>
            <line number="88" hits="0"/>
            <line number="89" hits="0"/>
            <line number="90" hits="0"/>
            <line number="91" hits="0"/>
            <line number="93" hits="0"/>
            <line number="95" hits="0"/>
            <line number="102" hits="0"/>
            <line number="103" hits="0"/>
            <line number="104" hits="0"/>
            <line number="105" hits="0"/>
            <line number="107" hits="0"/>
            <line number="109" hits="0"/>
          </lines>
        </class>
      </classes>
    </package>
  </packages>
</coverage>
