<?xml version="1.0" encoding="UTF-8"?>
<!DOCTYPE coverage SYSTEM "http://cobertura.sourceforge.net/xml/coverage-04.dtd">
<coverage line-rate="0" branch-rate="0" lines-covered="0" lines-valid="20" branches-covered="0" branches-valid="0" complexity="11" version="0.4" timestamp="1715720040">
  <sources>
    <source>/Users/johannes/Development/ai/modelflow-ai/packages/prompt-template/src</source>
  </sources>
  <packages>
    <package name="ChatPromptTemplate.php" line-rate="0" branch-rate="0" complexity="6">
      <classes>
        <class name="ModelflowAi\PromptTemplate\ChatPromptTemplate" filename="ChatPromptTemplate.php" line-rate="0" branch-rate="0" complexity="6">
          <methods>
            <method name="create" signature="ModelflowAi\Core\Request\Message\AIChatMessage $messages" line-rate="0" branch-rate="0" complexity="1">
              <lines>
                <line number="24" hits="0"/>
              </lines>
            </method>
            <method name="__construct" signature="ModelflowAi\Core\Request\Message\AIChatMessage $messages" line-rate="0" branch-rate="0" complexity="1">
              <lines>
                <line number="35" hits="0"/>
              </lines>
            </method>
            <method name="format" signature="array $inputValues" line-rate="0" branch-rate="0" complexity="4">
              <lines>
                <line number="45" hits="0"/>
                <line number="46" hits="0"/>
                <line number="47" hits="0"/>
                <line number="48" hits="0"/>
                <line number="49" hits="0"/>
                <line number="50" hits="0"/>
                <line number="51" hits="0"/>
                <line number="53" hits="0"/>
                <line number="56" hits="0"/>
                <line number="59" hits="0"/>
                <line number="62" hits="0"/>
              </lines>
            </method>
          </methods>
          <lines>
            <line number="24" hits="0"/>
            <line number="35" hits="0"/>
            <line number="45" hits="0"/>
            <line number="46" hits="0"/>
            <line number="47" hits="0"/>
            <line number="48" hits="0"/>
            <line number="49" hits="0"/>
            <line number="50" hits="0"/>
            <line number="51" hits="0"/>
            <line number="53" hits="0"/>
            <line number="56" hits="0"/>
            <line number="59" hits="0"/>
            <line number="62" hits="0"/>
          </lines>
        </class>
      </classes>
    </package>
    <package name="PromptTemplate.php" line-rate="0" branch-rate="0" complexity="5">
      <classes>
        <class name="ModelflowAi\PromptTemplate\PromptTemplate" filename="PromptTemplate.php" line-rate="0" branch-rate="0" complexity="5">
          <methods>
            <method name="create" signature="string $template" line-rate="0" branch-rate="0" complexity="1">
              <lines>
                <line number="20" hits="0"/>
              </lines>
            </method>
            <method name="__construct" signature="string $template" line-rate="0" branch-rate="0" complexity="1">
              <lines>
                <line number="26" hits="0"/>
              </lines>
            </method>
            <method name="format" signature="array $inputValues" line-rate="0" branch-rate="0" complexity="2">
              <lines>
                <line number="33" hits="0"/>
                <line number="34" hits="0"/>
                <line number="35" hits="0"/>
                <line number="38" hits="0"/>
              </lines>
            </method>
            <method name="__toString" signature="" line-rate="0" branch-rate="0" complexity="1">
              <lines>
                <line number="43" hits="0"/>
              </lines>
            </method>
          </methods>
          <lines>
            <line number="20" hits="0"/>
            <line number="26" hits="0"/>
            <line number="33" hits="0"/>
            <line number="34" hits="0"/>
            <line number="35" hits="0"/>
            <line number="38" hits="0"/>
            <line number="43" hits="0"/>
          </lines>
        </class>
      </classes>
    </package>
  </packages>
</coverage>
